{"error":"Cannot set property query of #<IncomingMessage> which has only a getter","level":"error","message":"Error:","method":"GET","params":{},"path":"/","query":{},"service":"qlnhansu-api","stack":"TypeError: Cannot set property query of #<IncomingMessage> which has only a getter\n    at C:\\xampp\\htdocs\\QLNhanSu_version1\\node_modules\\xss-clean\\lib\\index.js:8:30\n    at Layer.handleRequest (C:\\xampp\\htdocs\\QLNhanSu_version1\\node_modules\\router\\lib\\layer.js:152:17)\n    at trimPrefix (C:\\xampp\\htdocs\\QLNhanSu_version1\\node_modules\\router\\index.js:342:13)\n    at C:\\xampp\\htdocs\\QLNhanSu_version1\\node_modules\\router\\index.js:297:9\n    at processParams (C:\\xampp\\htdocs\\QLNhanSu_version1\\node_modules\\router\\index.js:582:12)\n    at next (C:\\xampp\\htdocs\\QLNhanSu_version1\\node_modules\\router\\index.js:291:5)\n    at internalNext (file:///C:/xampp/htdocs/QLNhanSu_version1/node_modules/helmet/index.mjs:527:6)\n    at xXssProtectionMiddleware (file:///C:/xampp/htdocs/QLNhanSu_version1/node_modules/helmet/index.mjs:307:3)\n    at internalNext (file:///C:/xampp/htdocs/QLNhanSu_version1/node_modules/helmet/index.mjs:525:6)\n    at xPoweredByMiddleware (file:///C:/xampp/htdocs/QLNhanSu_version1/node_modules/helmet/index.mjs:300:3)","timestamp":"2025-04-20 01:13:18"}
{"error":"Cannot set property query of #<IncomingMessage> which has only a getter","level":"error","message":"Error:","method":"GET","params":{},"path":"/favicon.ico","query":{},"service":"qlnhansu-api","stack":"TypeError: Cannot set property query of #<IncomingMessage> which has only a getter\n    at C:\\xampp\\htdocs\\QLNhanSu_version1\\node_modules\\xss-clean\\lib\\index.js:8:30\n    at Layer.handleRequest (C:\\xampp\\htdocs\\QLNhanSu_version1\\node_modules\\router\\lib\\layer.js:152:17)\n    at trimPrefix (C:\\xampp\\htdocs\\QLNhanSu_version1\\node_modules\\router\\index.js:342:13)\n    at C:\\xampp\\htdocs\\QLNhanSu_version1\\node_modules\\router\\index.js:297:9\n    at processParams (C:\\xampp\\htdocs\\QLNhanSu_version1\\node_modules\\router\\index.js:582:12)\n    at next (C:\\xampp\\htdocs\\QLNhanSu_version1\\node_modules\\router\\index.js:291:5)\n    at internalNext (file:///C:/xampp/htdocs/QLNhanSu_version1/node_modules/helmet/index.mjs:527:6)\n    at xXssProtectionMiddleware (file:///C:/xampp/htdocs/QLNhanSu_version1/node_modules/helmet/index.mjs:307:3)\n    at internalNext (file:///C:/xampp/htdocs/QLNhanSu_version1/node_modules/helmet/index.mjs:525:6)\n    at xPoweredByMiddleware (file:///C:/xampp/htdocs/QLNhanSu_version1/node_modules/helmet/index.mjs:300:3)","timestamp":"2025-04-20 01:13:18"}
{"body":{"password":"admin","username":"admin"},"error":"invalid csrf token","level":"error","message":"Error:","method":"POST","params":{},"path":"/api/auth/login","query":{},"service":"qlnhansu-api","stack":"ForbiddenError: invalid csrf token\n    at csrf (C:\\xampp\\htdocs\\QLNhanSu_version1\\node_modules\\csurf\\index.js:112:19)\n    at Layer.handleRequest (C:\\xampp\\htdocs\\QLNhanSu_version1\\node_modules\\router\\lib\\layer.js:152:17)\n    at trimPrefix (C:\\xampp\\htdocs\\QLNhanSu_version1\\node_modules\\router\\index.js:342:13)\n    at C:\\xampp\\htdocs\\QLNhanSu_version1\\node_modules\\router\\index.js:297:9\n    at processParams (C:\\xampp\\htdocs\\QLNhanSu_version1\\node_modules\\router\\index.js:582:12)\n    at next (C:\\xampp\\htdocs\\QLNhanSu_version1\\node_modules\\router\\index.js:291:5)\n    at compression (C:\\xampp\\htdocs\\QLNhanSu_version1\\node_modules\\compression\\index.js:243:5)\n    at Layer.handleRequest (C:\\xampp\\htdocs\\QLNhanSu_version1\\node_modules\\router\\lib\\layer.js:152:17)\n    at trimPrefix (C:\\xampp\\htdocs\\QLNhanSu_version1\\node_modules\\router\\index.js:342:13)\n    at C:\\xampp\\htdocs\\QLNhanSu_version1\\node_modules\\router\\index.js:297:9","timestamp":"2025-04-20 18:11:36"}
{"body":{"password":"admin","username":"admin"},"error":"invalid csrf token","level":"error","message":"Error:","method":"POST","params":{},"path":"/api/auth/login","query":{},"service":"qlnhansu-api","stack":"ForbiddenError: invalid csrf token\n    at csrf (C:\\xampp\\htdocs\\QLNhanSu_version1\\node_modules\\csurf\\index.js:112:19)\n    at Layer.handleRequest (C:\\xampp\\htdocs\\QLNhanSu_version1\\node_modules\\router\\lib\\layer.js:152:17)\n    at trimPrefix (C:\\xampp\\htdocs\\QLNhanSu_version1\\node_modules\\router\\index.js:342:13)\n    at C:\\xampp\\htdocs\\QLNhanSu_version1\\node_modules\\router\\index.js:297:9\n    at processParams (C:\\xampp\\htdocs\\QLNhanSu_version1\\node_modules\\router\\index.js:582:12)\n    at next (C:\\xampp\\htdocs\\QLNhanSu_version1\\node_modules\\router\\index.js:291:5)\n    at compression (C:\\xampp\\htdocs\\QLNhanSu_version1\\node_modules\\compression\\index.js:243:5)\n    at Layer.handleRequest (C:\\xampp\\htdocs\\QLNhanSu_version1\\node_modules\\router\\lib\\layer.js:152:17)\n    at trimPrefix (C:\\xampp\\htdocs\\QLNhanSu_version1\\node_modules\\router\\index.js:342:13)\n    at C:\\xampp\\htdocs\\QLNhanSu_version1\\node_modules\\router\\index.js:297:9","timestamp":"2025-04-20 18:12:09"}
{"body":{"password":"admin","username":"admin"},"error":"invalid csrf token","level":"error","message":"Error:","method":"POST","params":{},"path":"/api/auth/login","query":{},"service":"qlnhansu-api","stack":"ForbiddenError: invalid csrf token\n    at csrf (C:\\xampp\\htdocs\\QLNhanSu_version1\\node_modules\\csurf\\index.js:112:19)\n    at Layer.handleRequest (C:\\xampp\\htdocs\\QLNhanSu_version1\\node_modules\\router\\lib\\layer.js:152:17)\n    at trimPrefix (C:\\xampp\\htdocs\\QLNhanSu_version1\\node_modules\\router\\index.js:342:13)\n    at C:\\xampp\\htdocs\\QLNhanSu_version1\\node_modules\\router\\index.js:297:9\n    at processParams (C:\\xampp\\htdocs\\QLNhanSu_version1\\node_modules\\router\\index.js:582:12)\n    at next (C:\\xampp\\htdocs\\QLNhanSu_version1\\node_modules\\router\\index.js:291:5)\n    at compression (C:\\xampp\\htdocs\\QLNhanSu_version1\\node_modules\\compression\\index.js:243:5)\n    at Layer.handleRequest (C:\\xampp\\htdocs\\QLNhanSu_version1\\node_modules\\router\\lib\\layer.js:152:17)\n    at trimPrefix (C:\\xampp\\htdocs\\QLNhanSu_version1\\node_modules\\router\\index.js:342:13)\n    at C:\\xampp\\htdocs\\QLNhanSu_version1\\node_modules\\router\\index.js:297:9","timestamp":"2025-04-20 18:14:14"}
{"body":{"password":"admin","username":"admin"},"error":"invalid csrf token","level":"error","message":"Error:","method":"POST","params":{},"path":"/api/auth/login","query":{},"service":"qlnhansu-api","stack":"ForbiddenError: invalid csrf token\n    at csrf (C:\\xampp\\htdocs\\QLNhanSu_version1\\node_modules\\csurf\\index.js:112:19)\n    at Layer.handleRequest (C:\\xampp\\htdocs\\QLNhanSu_version1\\node_modules\\router\\lib\\layer.js:152:17)\n    at trimPrefix (C:\\xampp\\htdocs\\QLNhanSu_version1\\node_modules\\router\\index.js:342:13)\n    at C:\\xampp\\htdocs\\QLNhanSu_version1\\node_modules\\router\\index.js:297:9\n    at processParams (C:\\xampp\\htdocs\\QLNhanSu_version1\\node_modules\\router\\index.js:582:12)\n    at next (C:\\xampp\\htdocs\\QLNhanSu_version1\\node_modules\\router\\index.js:291:5)\n    at compression (C:\\xampp\\htdocs\\QLNhanSu_version1\\node_modules\\compression\\index.js:243:5)\n    at Layer.handleRequest (C:\\xampp\\htdocs\\QLNhanSu_version1\\node_modules\\router\\lib\\layer.js:152:17)\n    at trimPrefix (C:\\xampp\\htdocs\\QLNhanSu_version1\\node_modules\\router\\index.js:342:13)\n    at C:\\xampp\\htdocs\\QLNhanSu_version1\\node_modules\\router\\index.js:297:9","timestamp":"2025-04-20 18:18:49"}
{"body":{"_csrf":"ka62GSKkxf2DL5GnJFaCFKId","password":"admin","username":"admin"},"error":"invalid csrf token","level":"error","message":"Error:","method":"POST","params":{},"path":"/api/auth/login","query":{},"service":"qlnhansu-api","stack":"ForbiddenError: invalid csrf token\n    at csrf (C:\\xampp\\htdocs\\QLNhanSu_version1\\node_modules\\csurf\\index.js:112:19)\n    at Layer.handleRequest (C:\\xampp\\htdocs\\QLNhanSu_version1\\node_modules\\router\\lib\\layer.js:152:17)\n    at trimPrefix (C:\\xampp\\htdocs\\QLNhanSu_version1\\node_modules\\router\\index.js:342:13)\n    at C:\\xampp\\htdocs\\QLNhanSu_version1\\node_modules\\router\\index.js:297:9\n    at processParams (C:\\xampp\\htdocs\\QLNhanSu_version1\\node_modules\\router\\index.js:582:12)\n    at next (C:\\xampp\\htdocs\\QLNhanSu_version1\\node_modules\\router\\index.js:291:5)\n    at compression (C:\\xampp\\htdocs\\QLNhanSu_version1\\node_modules\\compression\\index.js:243:5)\n    at Layer.handleRequest (C:\\xampp\\htdocs\\QLNhanSu_version1\\node_modules\\router\\lib\\layer.js:152:17)\n    at trimPrefix (C:\\xampp\\htdocs\\QLNhanSu_version1\\node_modules\\router\\index.js:342:13)\n    at C:\\xampp\\htdocs\\QLNhanSu_version1\\node_modules\\router\\index.js:297:9","timestamp":"2025-04-20 18:20:02"}
{"body":{"_csrf":"DdwlSkyMV5CS8De_RBHlkLeM","password":"admin","username":"admin"},"error":"invalid csrf token","level":"error","message":"Error:","method":"POST","params":{},"path":"/api/auth/login","query":{},"service":"qlnhansu-api","stack":"ForbiddenError: invalid csrf token\n    at csrf (C:\\xampp\\htdocs\\QLNhanSu_version1\\node_modules\\csurf\\index.js:112:19)\n    at Layer.handleRequest (C:\\xampp\\htdocs\\QLNhanSu_version1\\node_modules\\router\\lib\\layer.js:152:17)\n    at trimPrefix (C:\\xampp\\htdocs\\QLNhanSu_version1\\node_modules\\router\\index.js:342:13)\n    at C:\\xampp\\htdocs\\QLNhanSu_version1\\node_modules\\router\\index.js:297:9\n    at processParams (C:\\xampp\\htdocs\\QLNhanSu_version1\\node_modules\\router\\index.js:582:12)\n    at next (C:\\xampp\\htdocs\\QLNhanSu_version1\\node_modules\\router\\index.js:291:5)\n    at compression (C:\\xampp\\htdocs\\QLNhanSu_version1\\node_modules\\compression\\index.js:243:5)\n    at Layer.handleRequest (C:\\xampp\\htdocs\\QLNhanSu_version1\\node_modules\\router\\lib\\layer.js:152:17)\n    at trimPrefix (C:\\xampp\\htdocs\\QLNhanSu_version1\\node_modules\\router\\index.js:342:13)\n    at C:\\xampp\\htdocs\\QLNhanSu_version1\\node_modules\\router\\index.js:297:9","timestamp":"2025-04-20 18:24:17"}
{"cookies":{"XSRF-TOKEN":"0O9hDoqAFY-Y12iRpzBtM5Ss","_csrf":"HJdif6r_zsE0wfoeiWQEBtTU"},"headers":{"accept":"*/*","accept-encoding":"gzip, deflate, br, zstd","accept-language":"vi-VN,vi;q=0.9,en-VN;q=0.8,en;q=0.7,fr-FR;q=0.6,fr;q=0.5,en-US;q=0.4","connection":"keep-alive","content-length":"39","content-type":"application/json","cookie":"_csrf=HJdif6r_zsE0wfoeiWQEBtTU; XSRF-TOKEN=0O9hDoqAFY-Y12iRpzBtM5Ss","csrf-token":"0O9hDoqAFY-Y12iRpzBtM5Ss","host":"localhost:3000","origin":"http://localhost:3000","referer":"http://localhost:3000/login.html","sec-ch-ua":"\"Google Chrome\";v=\"135\", \"Not-A.Brand\";v=\"8\", \"Chromium\";v=\"135\"","sec-ch-ua-mobile":"?0","sec-ch-ua-platform":"\"Windows\"","sec-fetch-dest":"empty","sec-fetch-mode":"cors","sec-fetch-site":"same-origin","user-agent":"Mozilla/5.0 (Windows NT 10.0; Win64; x64) AppleWebKit/537.36 (KHTML, like Gecko) Chrome/135.0.0.0 Safari/537.36","x-requested-with":"XMLHttpRequest"},"level":"error","message":"CSRF Token error:","method":"POST","path":"/api/auth/login","service":"qlnhansu-api","timestamp":"2025-04-20 19:21:56"}
{"cookies":{"XSRF-TOKEN":"prObNAEl5LDdvkm1xDORY3BD"},"headers":{"accept":"*/*","accept-encoding":"gzip, deflate, br, zstd","accept-language":"vi-VN,vi;q=0.9,en-VN;q=0.8,en;q=0.7,fr-FR;q=0.6,fr;q=0.5,en-US;q=0.4","connection":"keep-alive","content-length":"40","content-type":"application/json","cookie":"XSRF-TOKEN=prObNAEl5LDdvkm1xDORY3BD","host":"localhost:3000","origin":"http://localhost:3000","referer":"http://localhost:3000/login.html","sec-ch-ua":"\"Google Chrome\";v=\"135\", \"Not-A.Brand\";v=\"8\", \"Chromium\";v=\"135\"","sec-ch-ua-mobile":"?0","sec-ch-ua-platform":"\"Windows\"","sec-fetch-dest":"empty","sec-fetch-mode":"cors","sec-fetch-site":"same-origin","user-agent":"Mozilla/5.0 (Windows NT 10.0; Win64; x64) AppleWebKit/537.36 (KHTML, like Gecko) Chrome/135.0.0.0 Safari/537.36"},"level":"error","message":"CSRF Token error:","method":"POST","path":"/QLNhanSu_version1/api/auth/login.php","service":"qlnhansu-api","timestamp":"2025-04-20 21:47:25"}
{"cookies":{"XSRF-TOKEN":"prObNAEl5LDdvkm1xDORY3BD"},"headers":{"accept":"*/*","accept-encoding":"gzip, deflate, br, zstd","accept-language":"vi-VN,vi;q=0.9,en-VN;q=0.8,en;q=0.7,fr-FR;q=0.6,fr;q=0.5,en-US;q=0.4","connection":"keep-alive","content-length":"40","content-type":"application/json","cookie":"XSRF-TOKEN=prObNAEl5LDdvkm1xDORY3BD","host":"localhost:3000","origin":"http://localhost:3000","referer":"http://localhost:3000/login.html","sec-ch-ua":"\"Google Chrome\";v=\"135\", \"Not-A.Brand\";v=\"8\", \"Chromium\";v=\"135\"","sec-ch-ua-mobile":"?1","sec-ch-ua-platform":"\"Android\"","sec-fetch-dest":"empty","sec-fetch-mode":"cors","sec-fetch-site":"same-origin","user-agent":"Mozilla/5.0 (Linux; Android 6.0; Nexus 5 Build/MRA58N) AppleWebKit/537.36 (KHTML, like Gecko) Chrome/135.0.0.0 Mobile Safari/537.36"},"level":"error","message":"CSRF Token error:","method":"POST","path":"/api/auth/login","service":"qlnhansu-api","timestamp":"2025-04-20 21:49:12"}
[21-Apr-2025 00:39:26 Asia/Ho_Chi_Minh] Authentication Error: SQLSTATE[42S22]: Column not found: 1054 Unknown column 'id' in 'field list'
[21-Apr-2025 00:39:26 Asia/Ho_Chi_Minh] Login error: Database error occurred
#0 {main}
[21-Apr-2025 00:39:30 Asia/Ho_Chi_Minh] Authentication Error: SQLSTATE[42S22]: Column not found: 1054 Unknown column 'id' in 'field list'
[21-Apr-2025 00:39:30 Asia/Ho_Chi_Minh] Login error: Database error occurred
#0 {main}
[21-Apr-2025 00:39:33 Asia/Ho_Chi_Minh] Authentication Error: SQLSTATE[42S22]: Column not found: 1054 Unknown column 'id' in 'field list'
[21-Apr-2025 00:39:33 Asia/Ho_Chi_Minh] Login error: Database error occurred
#0 {main}
[21-Apr-2025 00:49:07 Asia/Ho_Chi_Minh] Authentication Error: SQLSTATE[42S22]: Column not found: 1054 Unknown column 'id' in 'field list'
[21-Apr-2025 00:49:07 Asia/Ho_Chi_Minh] Login error: Database error occurred
#0 {main}
[21-Apr-2025 00:54:42 Asia/Ho_Chi_Minh] Login error: Invalid username or password
#0 {main}
[21-Apr-2025 01:04:27 Asia/Ho_Chi_Minh] Successful login for user: admin from IP: ::1
[21-Apr-2025 01:08:32 Asia/Ho_Chi_Minh] Successful login for user: admin from IP: ::1
[21-Apr-2025 01:08:32 Asia/Ho_Chi_Minh] PHP Fatal error:  Uncaught Exception: Serialization of 'PDO' is not allowed in [no active file]:0
Stack trace:
#0 {main}
  thrown in [no active file] on line 0
[21-Apr-2025 01:11:32 Asia/Ho_Chi_Minh] Successful login for user: admin from IP: ::1
[21-Apr-2025 01:11:32 Asia/Ho_Chi_Minh] PHP Fatal error:  Uncaught Exception: Serialization of 'PDO' is not allowed in [no active file]:0
Stack trace:
#0 {main}
  thrown in [no active file] on line 0
[21-Apr-2025 01:16:17 Asia/Ho_Chi_Minh] Successful login for user: admin from IP: ::1
[21-Apr-2025 01:16:17 Asia/Ho_Chi_Minh] PHP Fatal error:  Uncaught Exception: Serialization of 'PDO' is not allowed in [no active file]:0
Stack trace:
#0 {main}
  thrown in [no active file] on line 0
[21-Apr-2025 01:18:18 Asia/Ho_Chi_Minh] Successful login for user: admin from IP: ::1
[21-Apr-2025 01:21:17 Asia/Ho_Chi_Minh] Successful login for user: admin from IP: ::1
[21-Apr-2025 01:22:15 Asia/Ho_Chi_Minh] Successful login for user: john.doe from IP: ::1
[21-Apr-2025 01:22:31 Asia/Ho_Chi_Minh] Successful login for user: jane.smith from IP: ::1
[21-Apr-2025 01:22:59 Asia/Ho_Chi_Minh] Successful login for user: bob.wilson from IP: ::1
[21-Apr-2025 01:23:19 Asia/Ho_Chi_Minh] Successful login for user: admin from IP: ::1
[21-Apr-2025 01:41:08 Asia/Ho_Chi_Minh] Successful login for user: admin from IP: ::1
[21-Apr-2025 01:41:24 Asia/Ho_Chi_Minh] Successful login for user: john.doe from IP: ::1
[21-Apr-2025 01:41:56 Asia/Ho_Chi_Minh] Successful login for user: john.doe from IP: ::1
[21-Apr-2025 01:42:56 Asia/Ho_Chi_Minh] Successful login for user: admin from IP: ::1
[21-Apr-2025 01:43:24 Asia/Ho_Chi_Minh] Successful login for user: admin from IP: ::1
[21-Apr-2025 01:43:36 Asia/Ho_Chi_Minh] Successful login for user: admin from IP: ::1
[21-Apr-2025 01:44:55 Asia/Ho_Chi_Minh] Successful login for user: admin from IP: ::1
[21-Apr-2025 01:48:10 Asia/Ho_Chi_Minh] Successful login for user: admin from IP: ::1
[21-Apr-2025 07:51:07 Asia/Ho_Chi_Minh] Successful login for user: admin from IP: ::1
[21-Apr-2025 07:51:31 Asia/Ho_Chi_Minh] Successful login for user: admin from IP: ::1
[21-Apr-2025 07:52:53 Asia/Ho_Chi_Minh] Successful login for user: admin from IP: ::1
[21-Apr-2025 08:00:51 Asia/Ho_Chi_Minh] Successful login for user: admin from IP: ::1
[21-Apr-2025 08:04:23 Asia/Ho_Chi_Minh] Successful login for user: admin from IP: ::1
[21-Apr-2025 15:41:51 Asia/Ho_Chi_Minh] Login error: Invalid username or password
#0 {main}
[21-Apr-2025 15:42:34 Asia/Ho_Chi_Minh] Successful login for user: admin from IP: ::1
[21-Apr-2025 15:50:58 Asia/Ho_Chi_Minh] Successful login for user: admin from IP: ::1
[21-Apr-2025 15:57:55 Asia/Ho_Chi_Minh] Successful login for user: admin from IP: ::1
[21-Apr-2025 16:01:49 Asia/Ho_Chi_Minh] Successful login for user: admin from IP: ::1
[21-Apr-2025 16:04:40 Asia/Ho_Chi_Minh] Successful login for user: admin from IP: ::1
[21-Apr-2025 16:05:59 Asia/Ho_Chi_Minh] Successful login for user: admin from IP: ::1
[21-Apr-2025 16:08:35 Asia/Ho_Chi_Minh] Successful login for user: admin from IP: ::1
[21-Apr-2025 17:49:47 Asia/Ho_Chi_Minh] PHP Parse error:  syntax error, unexpected end of file in C:\xampp\htdocs\QLNhanSu_version1\api\models\User.php on line 109
[21-Apr-2025 17:50:17 Asia/Ho_Chi_Minh] PHP Parse error:  syntax error, unexpected end of file in C:\xampp\htdocs\QLNhanSu_version1\api\models\User.php on line 109
[21-Apr-2025 17:53:17 Asia/Ho_Chi_Minh] Login Error: Invalid username or password
[21-Apr-2025 17:56:18 Asia/Ho_Chi_Minh] Received login request with data: {"username":"admin","password":"123456"}
[21-Apr-2025 17:56:18 Asia/Ho_Chi_Minh] Attempting login for username: admin
[21-Apr-2025 17:56:18 Asia/Ho_Chi_Minh] Attempting to authenticate user: admin
[21-Apr-2025 17:56:18 Asia/Ho_Chi_Minh] Found user in database. Password hash: admin123
[21-Apr-2025 17:56:18 Asia/Ho_Chi_Minh] Input password MD5: e10adc3949ba59abbe56e057f20f883e
[21-Apr-2025 17:56:18 Asia/Ho_Chi_Minh] Password mismatch for user: admin
[21-Apr-2025 17:56:18 Asia/Ho_Chi_Minh] Authentication failed: Invalid username or password
[21-Apr-2025 17:56:18 Asia/Ho_Chi_Minh] Login Error: Invalid username or password
[21-Apr-2025 17:59:21 Asia/Ho_Chi_Minh] Received login request with data: {"username":"admin","password":"123456"}
[21-Apr-2025 17:59:21 Asia/Ho_Chi_Minh] Attempting login for username: admin
[21-Apr-2025 17:59:21 Asia/Ho_Chi_Minh] Attempting to authenticate user: admin
[21-Apr-2025 17:59:21 Asia/Ho_Chi_Minh] Found user in database. Password hash: admin123
[21-Apr-2025 17:59:21 Asia/Ho_Chi_Minh] Input password MD5: e10adc3949ba59abbe56e057f20f883e
[21-Apr-2025 17:59:21 Asia/Ho_Chi_Minh] Password mismatch for user: admin
[21-Apr-2025 17:59:21 Asia/Ho_Chi_Minh] Authentication failed: Invalid username or password
[21-Apr-2025 17:59:21 Asia/Ho_Chi_Minh] Login Error: Invalid username or password
[21-Apr-2025 18:01:53 Asia/Ho_Chi_Minh] Received login request with data: {"username":"admin","password":"123456"}
[21-Apr-2025 18:01:53 Asia/Ho_Chi_Minh] Attempting login for username: admin
[21-Apr-2025 18:01:53 Asia/Ho_Chi_Minh] Attempting to authenticate user: admin
[21-Apr-2025 18:01:53 Asia/Ho_Chi_Minh] Found user in database. Password hash: e10adc3949ba59abbe56e057f20f883e
[21-Apr-2025 18:01:53 Asia/Ho_Chi_Minh] Input password MD5: e10adc3949ba59abbe56e057f20f883e
[21-Apr-2025 18:01:53 Asia/Ho_Chi_Minh] Password match successful for user: admin
[21-Apr-2025 18:01:53 Asia/Ho_Chi_Minh] PHP Notice:  session_start(): Ignoring session_start() because a session is already active in C:\xampp\htdocs\QLNhanSu_version1\api\models\User.php on line 58
[21-Apr-2025 18:01:53 Asia/Ho_Chi_Minh] Authentication successful for user: admin
[21-Apr-2025 18:01:53 Asia/Ho_Chi_Minh] Successful login for user: admin from IP: ::1
[21-Apr-2025 18:05:08 Asia/Ho_Chi_Minh] Received login request with data: {"username":"admin@example.com","password":"123456"}
[21-Apr-2025 18:05:08 Asia/Ho_Chi_Minh] Attempting login for username: admin@example.com
[21-Apr-2025 18:05:08 Asia/Ho_Chi_Minh] Attempting to authenticate user with username/email: admin@example.com
[21-Apr-2025 18:05:08 Asia/Ho_Chi_Minh] Found user in database. Password hash: e10adc3949ba59abbe56e057f20f883e
[21-Apr-2025 18:05:08 Asia/Ho_Chi_Minh] Input password MD5: e10adc3949ba59abbe56e057f20f883e
[21-Apr-2025 18:05:08 Asia/Ho_Chi_Minh] Password match successful for user: admin
[21-Apr-2025 18:05:08 Asia/Ho_Chi_Minh] PHP Notice:  session_start(): Ignoring session_start() because a session is already active in C:\xampp\htdocs\QLNhanSu_version1\api\models\User.php on line 59
[21-Apr-2025 18:05:08 Asia/Ho_Chi_Minh] Authentication successful for user: admin@example.com
[21-Apr-2025 18:05:08 Asia/Ho_Chi_Minh] Successful login for user: admin from IP: ::1
[21-Apr-2025 18:15:21 Asia/Ho_Chi_Minh] Received login request with data: {"username":"admin","password":"123456"}
[21-Apr-2025 18:15:21 Asia/Ho_Chi_Minh] Attempting login for username: admin
[21-Apr-2025 18:15:21 Asia/Ho_Chi_Minh] Attempting to authenticate user with username/email: admin
[21-Apr-2025 18:15:21 Asia/Ho_Chi_Minh] Found user in database. Password hash: e10adc3949ba59abbe56e057f20f883e
[21-Apr-2025 18:15:21 Asia/Ho_Chi_Minh] Input password MD5: e10adc3949ba59abbe56e057f20f883e
[21-Apr-2025 18:15:21 Asia/Ho_Chi_Minh] Password match successful for user: admin
[21-Apr-2025 18:15:21 Asia/Ho_Chi_Minh] PHP Notice:  session_start(): Ignoring session_start() because a session is already active in C:\xampp\htdocs\QLNhanSu_version1\api\models\User.php on line 59
[21-Apr-2025 18:15:21 Asia/Ho_Chi_Minh] Authentication successful for user: admin
[21-Apr-2025 18:15:21 Asia/Ho_Chi_Minh] Successful login for user: admin from IP: ::1
[21-Apr-2025 18:16:49 Asia/Ho_Chi_Minh] Received login request with data: {"username":"admin","password":"123456"}
[21-Apr-2025 18:16:49 Asia/Ho_Chi_Minh] Attempting login for username: admin
[21-Apr-2025 18:16:49 Asia/Ho_Chi_Minh] Attempting to authenticate user with username/email: admin
[21-Apr-2025 18:16:49 Asia/Ho_Chi_Minh] Found user in database. Password hash: e10adc3949ba59abbe56e057f20f883e
[21-Apr-2025 18:16:49 Asia/Ho_Chi_Minh] Input password MD5: e10adc3949ba59abbe56e057f20f883e
[21-Apr-2025 18:16:49 Asia/Ho_Chi_Minh] Password match successful for user: admin
[21-Apr-2025 18:16:49 Asia/Ho_Chi_Minh] PHP Notice:  session_start(): Ignoring session_start() because a session is already active in C:\xampp\htdocs\QLNhanSu_version1\api\models\User.php on line 59
[21-Apr-2025 18:16:49 Asia/Ho_Chi_Minh] Authentication successful for user: admin
[21-Apr-2025 18:16:49 Asia/Ho_Chi_Minh] Successful login for user: admin from IP: ::1
[21-Apr-2025 18:17:14 Asia/Ho_Chi_Minh] Received login request with data: {"username":"admin","password":"123456"}
[21-Apr-2025 18:17:14 Asia/Ho_Chi_Minh] Attempting login for username: admin
[21-Apr-2025 18:17:14 Asia/Ho_Chi_Minh] Attempting to authenticate user with username/email: admin
[21-Apr-2025 18:17:14 Asia/Ho_Chi_Minh] Found user in database. Password hash: e10adc3949ba59abbe56e057f20f883e
[21-Apr-2025 18:17:14 Asia/Ho_Chi_Minh] Input password MD5: e10adc3949ba59abbe56e057f20f883e
[21-Apr-2025 18:17:14 Asia/Ho_Chi_Minh] Password match successful for user: admin
[21-Apr-2025 18:17:14 Asia/Ho_Chi_Minh] PHP Notice:  session_start(): Ignoring session_start() because a session is already active in C:\xampp\htdocs\QLNhanSu_version1\api\models\User.php on line 59
[21-Apr-2025 18:17:14 Asia/Ho_Chi_Minh] Authentication successful for user: admin
[21-Apr-2025 18:17:14 Asia/Ho_Chi_Minh] Successful login for user: admin from IP: ::1
[21-Apr-2025 18:17:58 Asia/Ho_Chi_Minh] Received login request with data: {"username":"admin","password":"123456"}
[21-Apr-2025 18:17:58 Asia/Ho_Chi_Minh] Attempting login for username: admin
[21-Apr-2025 18:17:58 Asia/Ho_Chi_Minh] Attempting to authenticate user with username/email: admin
[21-Apr-2025 18:17:58 Asia/Ho_Chi_Minh] Found user in database. Password hash: e10adc3949ba59abbe56e057f20f883e
[21-Apr-2025 18:17:58 Asia/Ho_Chi_Minh] Input password MD5: e10adc3949ba59abbe56e057f20f883e
[21-Apr-2025 18:17:58 Asia/Ho_Chi_Minh] Password match successful for user: admin
[21-Apr-2025 18:17:58 Asia/Ho_Chi_Minh] PHP Notice:  session_start(): Ignoring session_start() because a session is already active in C:\xampp\htdocs\QLNhanSu_version1\api\models\User.php on line 59
[21-Apr-2025 18:17:58 Asia/Ho_Chi_Minh] Authentication successful for user: admin
[21-Apr-2025 18:17:58 Asia/Ho_Chi_Minh] Successful login for user: admin from IP: ::1
[21-Apr-2025 18:25:15 Asia/Ho_Chi_Minh] Received login request with data: {"username":"admin","password":"123456"}
[21-Apr-2025 18:25:15 Asia/Ho_Chi_Minh] Attempting login for username: admin
[21-Apr-2025 18:25:15 Asia/Ho_Chi_Minh] Attempting to authenticate user with username/email: admin
[21-Apr-2025 18:25:15 Asia/Ho_Chi_Minh] Found user in database. Password hash: e10adc3949ba59abbe56e057f20f883e
[21-Apr-2025 18:25:15 Asia/Ho_Chi_Minh] Input password MD5: e10adc3949ba59abbe56e057f20f883e
[21-Apr-2025 18:25:15 Asia/Ho_Chi_Minh] Password match successful for user: admin
[21-Apr-2025 18:25:15 Asia/Ho_Chi_Minh] PHP Notice:  session_start(): Ignoring session_start() because a session is already active in C:\xampp\htdocs\QLNhanSu_version1\api\models\User.php on line 59
[21-Apr-2025 18:25:15 Asia/Ho_Chi_Minh] Authentication successful for user: admin
[21-Apr-2025 18:25:15 Asia/Ho_Chi_Minh] Successful login for user: admin from IP: ::1
[21-Apr-2025 18:25:40 Asia/Ho_Chi_Minh] Received login request with data: {"username":"admin","password":"123456"}
[21-Apr-2025 18:25:40 Asia/Ho_Chi_Minh] Attempting login for username: admin
[21-Apr-2025 18:25:40 Asia/Ho_Chi_Minh] Attempting to authenticate user with username/email: admin
[21-Apr-2025 18:25:40 Asia/Ho_Chi_Minh] Found user in database. Password hash: e10adc3949ba59abbe56e057f20f883e
[21-Apr-2025 18:25:40 Asia/Ho_Chi_Minh] Input password MD5: e10adc3949ba59abbe56e057f20f883e
[21-Apr-2025 18:25:40 Asia/Ho_Chi_Minh] Password match successful for user: admin
[21-Apr-2025 18:25:40 Asia/Ho_Chi_Minh] PHP Notice:  session_start(): Ignoring session_start() because a session is already active in C:\xampp\htdocs\QLNhanSu_version1\api\models\User.php on line 59
[21-Apr-2025 18:25:40 Asia/Ho_Chi_Minh] Authentication successful for user: admin
[21-Apr-2025 18:25:40 Asia/Ho_Chi_Minh] Successful login for user: admin from IP: ::1
[21-Apr-2025 18:27:43 Asia/Ho_Chi_Minh] Received login request with data: {"username":"admin","password":"123456"}
[21-Apr-2025 18:27:43 Asia/Ho_Chi_Minh] Attempting login for username: admin
[21-Apr-2025 18:27:43 Asia/Ho_Chi_Minh] Attempting to authenticate user with username/email: admin
[21-Apr-2025 18:27:43 Asia/Ho_Chi_Minh] Found user in database. Password hash: e10adc3949ba59abbe56e057f20f883e
[21-Apr-2025 18:27:43 Asia/Ho_Chi_Minh] Input password MD5: e10adc3949ba59abbe56e057f20f883e
[21-Apr-2025 18:27:43 Asia/Ho_Chi_Minh] Password match successful for user: admin
[21-Apr-2025 18:27:43 Asia/Ho_Chi_Minh] PHP Notice:  session_start(): Ignoring session_start() because a session is already active in C:\xampp\htdocs\QLNhanSu_version1\api\models\User.php on line 59
[21-Apr-2025 18:27:43 Asia/Ho_Chi_Minh] Authentication successful for user: admin
[21-Apr-2025 18:27:43 Asia/Ho_Chi_Minh] Successful login for user: admin from IP: ::1
[21-Apr-2025 18:28:01 Asia/Ho_Chi_Minh] Received login request with data: {"username":"admin","password":"123456"}
[21-Apr-2025 18:28:01 Asia/Ho_Chi_Minh] Attempting login for username: admin
[21-Apr-2025 18:28:01 Asia/Ho_Chi_Minh] Attempting to authenticate user with username/email: admin
[21-Apr-2025 18:28:01 Asia/Ho_Chi_Minh] Found user in database. Password hash: e10adc3949ba59abbe56e057f20f883e
[21-Apr-2025 18:28:01 Asia/Ho_Chi_Minh] Input password MD5: e10adc3949ba59abbe56e057f20f883e
[21-Apr-2025 18:28:01 Asia/Ho_Chi_Minh] Password match successful for user: admin
[21-Apr-2025 18:28:01 Asia/Ho_Chi_Minh] PHP Notice:  session_start(): Ignoring session_start() because a session is already active in C:\xampp\htdocs\QLNhanSu_version1\api\models\User.php on line 59
[21-Apr-2025 18:28:01 Asia/Ho_Chi_Minh] Authentication successful for user: admin
[21-Apr-2025 18:28:01 Asia/Ho_Chi_Minh] Successful login for user: admin from IP: ::1
[21-Apr-2025 18:52:59 Asia/Ho_Chi_Minh] Received login request with data: {"username":"admin","password":"123456"}
[21-Apr-2025 18:52:59 Asia/Ho_Chi_Minh] Attempting login for username: admin
[21-Apr-2025 18:52:59 Asia/Ho_Chi_Minh] Attempting to authenticate user with username/email: admin
[21-Apr-2025 18:52:59 Asia/Ho_Chi_Minh] Found user in database. Password hash: e10adc3949ba59abbe56e057f20f883e
[21-Apr-2025 18:52:59 Asia/Ho_Chi_Minh] Input password MD5: e10adc3949ba59abbe56e057f20f883e
[21-Apr-2025 18:52:59 Asia/Ho_Chi_Minh] Password match successful for user: admin
[21-Apr-2025 18:52:59 Asia/Ho_Chi_Minh] PHP Notice:  session_start(): Ignoring session_start() because a session is already active in C:\xampp\htdocs\QLNhanSu_version1\api\models\User.php on line 59
[21-Apr-2025 18:52:59 Asia/Ho_Chi_Minh] Authentication successful for user: admin
[21-Apr-2025 18:52:59 Asia/Ho_Chi_Minh] Successful login for user: admin from IP: ::1
[21-Apr-2025 18:54:52 Asia/Ho_Chi_Minh] Received login request with data: {"username":"admin","password":"123456"}
[21-Apr-2025 18:54:52 Asia/Ho_Chi_Minh] Attempting login for username: admin
[21-Apr-2025 18:54:52 Asia/Ho_Chi_Minh] Attempting to authenticate user with username/email: admin
[21-Apr-2025 18:54:52 Asia/Ho_Chi_Minh] Found user in database. Password hash: e10adc3949ba59abbe56e057f20f883e
[21-Apr-2025 18:54:52 Asia/Ho_Chi_Minh] Input password MD5: e10adc3949ba59abbe56e057f20f883e
[21-Apr-2025 18:54:52 Asia/Ho_Chi_Minh] Password match successful for user: admin
[21-Apr-2025 18:54:52 Asia/Ho_Chi_Minh] PHP Notice:  session_start(): Ignoring session_start() because a session is already active in C:\xampp\htdocs\QLNhanSu_version1\api\models\User.php on line 59
[21-Apr-2025 18:54:52 Asia/Ho_Chi_Minh] Authentication successful for user: admin
[21-Apr-2025 18:54:52 Asia/Ho_Chi_Minh] Successful login for user: admin from IP: ::1
[21-Apr-2025 18:59:12 Asia/Ho_Chi_Minh] Received login request with data: {"username":"admin","password":"123456"}
[21-Apr-2025 18:59:12 Asia/Ho_Chi_Minh] Attempting login for username: admin
[21-Apr-2025 18:59:12 Asia/Ho_Chi_Minh] Attempting to authenticate user with username/email: admin
[21-Apr-2025 18:59:12 Asia/Ho_Chi_Minh] Found user in database. Password hash: e10adc3949ba59abbe56e057f20f883e
[21-Apr-2025 18:59:12 Asia/Ho_Chi_Minh] Input password MD5: e10adc3949ba59abbe56e057f20f883e
[21-Apr-2025 18:59:12 Asia/Ho_Chi_Minh] Password match successful for user: admin
[21-Apr-2025 18:59:12 Asia/Ho_Chi_Minh] PHP Notice:  session_start(): Ignoring session_start() because a session is already active in C:\xampp\htdocs\QLNhanSu_version1\api\models\User.php on line 59
[21-Apr-2025 18:59:12 Asia/Ho_Chi_Minh] Authentication successful for user: admin
[21-Apr-2025 18:59:12 Asia/Ho_Chi_Minh] Successful login for user: admin from IP: ::1
[21-Apr-2025 19:06:13 Asia/Ho_Chi_Minh] Received login request with data: {"username":"admin","password":"123456"}
[21-Apr-2025 19:06:13 Asia/Ho_Chi_Minh] Attempting login for username: admin
[21-Apr-2025 19:06:13 Asia/Ho_Chi_Minh] Attempting to authenticate user with username/email: admin
[21-Apr-2025 19:06:13 Asia/Ho_Chi_Minh] Found user in database. Password hash: admin123
[21-Apr-2025 19:06:13 Asia/Ho_Chi_Minh] Input password MD5: e10adc3949ba59abbe56e057f20f883e
[21-Apr-2025 19:06:13 Asia/Ho_Chi_Minh] Password mismatch for user: admin
[21-Apr-2025 19:06:13 Asia/Ho_Chi_Minh] Authentication failed: Invalid username/email or password
[21-Apr-2025 19:06:13 Asia/Ho_Chi_Minh] Login Error: Invalid username/email or password
[21-Apr-2025 19:06:26 Asia/Ho_Chi_Minh] Received login request with data: {"username":"admin","password":"123456"}
[21-Apr-2025 19:06:26 Asia/Ho_Chi_Minh] Attempting login for username: admin
[21-Apr-2025 19:06:26 Asia/Ho_Chi_Minh] Attempting to authenticate user with username/email: admin
[21-Apr-2025 19:06:26 Asia/Ho_Chi_Minh] Found user in database. Password hash: admin123
[21-Apr-2025 19:06:26 Asia/Ho_Chi_Minh] Input password MD5: e10adc3949ba59abbe56e057f20f883e
[21-Apr-2025 19:06:26 Asia/Ho_Chi_Minh] Password mismatch for user: admin
[21-Apr-2025 19:06:26 Asia/Ho_Chi_Minh] Authentication failed: Invalid username/email or password
[21-Apr-2025 19:06:26 Asia/Ho_Chi_Minh] Login Error: Invalid username/email or password
[21-Apr-2025 19:07:23 Asia/Ho_Chi_Minh] Received login request with data: {"username":"admin","password":"123456"}
[21-Apr-2025 19:07:23 Asia/Ho_Chi_Minh] Attempting login for username: admin
[21-Apr-2025 19:07:23 Asia/Ho_Chi_Minh] Attempting to authenticate user with username/email: admin
[21-Apr-2025 19:07:23 Asia/Ho_Chi_Minh] Found user in database. Password hash: admin123
[21-Apr-2025 19:07:23 Asia/Ho_Chi_Minh] Input password MD5: e10adc3949ba59abbe56e057f20f883e
[21-Apr-2025 19:07:23 Asia/Ho_Chi_Minh] Password mismatch for user: admin
[21-Apr-2025 19:07:23 Asia/Ho_Chi_Minh] Authentication failed: Invalid username/email or password
[21-Apr-2025 19:07:23 Asia/Ho_Chi_Minh] Login Error: Invalid username/email or password
[21-Apr-2025 19:09:49 Asia/Ho_Chi_Minh] Received login request with data: {"username":"admin","password":"123456"}
[21-Apr-2025 19:09:49 Asia/Ho_Chi_Minh] Attempting login for username: admin
[21-Apr-2025 19:09:49 Asia/Ho_Chi_Minh] Attempting to authenticate user with username/email: admin
[21-Apr-2025 19:09:49 Asia/Ho_Chi_Minh] Found user in database. Password hash: admin123
[21-Apr-2025 19:09:49 Asia/Ho_Chi_Minh] Input password MD5: e10adc3949ba59abbe56e057f20f883e
[21-Apr-2025 19:09:49 Asia/Ho_Chi_Minh] Password mismatch for user: admin
[21-Apr-2025 19:09:49 Asia/Ho_Chi_Minh] Authentication failed: Invalid username/email or password
[21-Apr-2025 19:09:49 Asia/Ho_Chi_Minh] Login Error: Invalid username/email or password


{"body":{},"error":"ENOENT: no such file or directory, stat 'C:\\xampp\\htdocs\\QLNhanSu_version1\\public\\login.html'","level":"error","message":"Error:","method":"GET","params":{},"path":"/","query":{},"service":"qlnhansu-api","stack":"Error: ENOENT: no such file or directory, stat 'C:\\xampp\\htdocs\\QLNhanSu_version1\\public\\login.html'","timestamp":"2025-04-22 22:03:57"}
{"body":{},"error":"ENOENT: no such file or directory, stat 'C:\\xampp\\htdocs\\QLNhanSu_version1\\public\\login.html'","level":"error","message":"Error:","method":"GET","params":{},"path":"/","query":{},"service":"qlnhansu-api","stack":"Error: ENOENT: no such file or directory, stat 'C:\\xampp\\htdocs\\QLNhanSu_version1\\public\\login.html'","timestamp":"2025-04-22 22:06:12"}
[30-Apr-2025 09:45:47 Europe/Berlin] Database Error: SQLSTATE[42S22]: Column not found: 1054 Unknown column 'status' in 'field list'
[30-Apr-2025 09:46:37 Europe/Berlin] Database Error: SQLSTATE[42S22]: Column not found: 1054 Unknown column 'status' in 'field list'
[30-Apr-2025 09:47:49 Europe/Berlin] Database Error: SQLSTATE[42S22]: Column not found: 1054 Unknown column 'status' in 'where clause'
[30-Apr-2025 09:47:55 Europe/Berlin] Database Error: SQLSTATE[42S22]: Column not found: 1054 Unknown column 'status' in 'where clause'
[30-Apr-2025 09:48:52 Europe/Berlin] PHP Deprecated:  round(): Passing null to parameter #1 ($num) of type int|float is deprecated in C:\xampp\htdocs\qlnhansu_V2\backend\src\public\api\dashboard_stats.php on line 60
[30-Apr-2025 09:49:02 Europe/Berlin] PHP Deprecated:  round(): Passing null to parameter #1 ($num) of type int|float is deprecated in C:\xampp\htdocs\qlnhansu_V2\backend\src\public\api\dashboard_stats.php on line 60
[30-Apr-2025 09:56:12 Europe/Berlin] Database Error: SQLSTATE[42S22]: Column not found: 1054 Unknown column 'd.department_name' in 'field list'
[30-Apr-2025 09:56:12 Europe/Berlin] Database Error: SQLSTATE[42S22]: Column not found: 1054 Unknown column 'd.department_name' in 'field list'
[30-Apr-2025 09:57:25 Europe/Berlin] Database Error: SQLSTATE[42S22]: Column not found: 1054 Unknown column 'd.department_name' in 'field list'
[30-Apr-2025 10:13:26 Europe/Berlin] Database connection error: SQLSTATE[HY000] [1049] Unknown database 'qlnhansu'
[30-Apr-2025 10:13:26 Europe/Berlin] Database connection failed: Database connection failed: SQLSTATE[HY000] [1049] Unknown database 'qlnhansu'
[30-Apr-2025 10:13:26 Europe/Berlin] Database connection error: SQLSTATE[HY000] [1049] Unknown database 'qlnhansu'
[30-Apr-2025 10:13:26 Europe/Berlin] General Error: Database connection failed: SQLSTATE[HY000] [1049] Unknown database 'qlnhansu'
[30-Apr-2025 10:13:26 Europe/Berlin] Database connection error: SQLSTATE[HY000] [1049] Unknown database 'qlnhansu'
[30-Apr-2025 10:13:26 Europe/Berlin] Database connection failed: Database connection failed: SQLSTATE[HY000] [1049] Unknown database 'qlnhansu'
[30-Apr-2025 10:13:26 Europe/Berlin] Database connection error: SQLSTATE[HY000] [1049] Unknown database 'qlnhansu'
[30-Apr-2025 10:13:26 Europe/Berlin] General Error: Database connection failed: SQLSTATE[HY000] [1049] Unknown database 'qlnhansu'
[30-Apr-2025 10:18:26 Europe/Berlin] Database connection error: SQLSTATE[HY000] [1049] Unknown database 'qlnhansu'
[30-Apr-2025 10:18:26 Europe/Berlin] Database connection failed: Database connection failed: SQLSTATE[HY000] [1049] Unknown database 'qlnhansu'
[30-Apr-2025 10:18:26 Europe/Berlin] Database connection error: SQLSTATE[HY000] [1049] Unknown database 'qlnhansu'
[30-Apr-2025 10:18:26 Europe/Berlin] General Error: Database connection failed: SQLSTATE[HY000] [1049] Unknown database 'qlnhansu'
[30-Apr-2025 10:18:26 Europe/Berlin] Database connection error: SQLSTATE[HY000] [1049] Unknown database 'qlnhansu'
[30-Apr-2025 10:18:26 Europe/Berlin] Database connection failed: Database connection failed: SQLSTATE[HY000] [1049] Unknown database 'qlnhansu'
[30-Apr-2025 10:18:26 Europe/Berlin] Database connection error: SQLSTATE[HY000] [1049] Unknown database 'qlnhansu'
[30-Apr-2025 10:18:26 Europe/Berlin] General Error: Database connection failed: SQLSTATE[HY000] [1049] Unknown database 'qlnhansu'
[30-Apr-2025 10:36:46 Europe/Berlin] Database Error: SQLSTATE[42S22]: Column not found: 1054 Unknown column 'role_id' in 'where clause'
[30-Apr-2025 10:36:46 Europe/Berlin] Database Error: SQLSTATE[42S22]: Column not found: 1054 Unknown column 'role_id' in 'where clause'
[30-Apr-2025 10:36:50 Europe/Berlin] Database Error: SQLSTATE[42S22]: Column not found: 1054 Unknown column 'role_id' in 'where clause'
[30-Apr-2025 10:36:50 Europe/Berlin] Database Error: SQLSTATE[42S22]: Column not found: 1054 Unknown column 'role_id' in 'where clause'
[30-Apr-2025 10:39:50 Europe/Berlin] Database Error: SQLSTATE[42S22]: Column not found: 1054 Unknown column 'role_id' in 'where clause'
[30-Apr-2025 10:39:50 Europe/Berlin] Database Error: SQLSTATE[42S22]: Column not found: 1054 Unknown column 'role_id' in 'where clause'
[30-Apr-2025 10:56:43 Europe/Berlin] PHP Warning:  require_once(../../config/auth.php): Failed to open stream: No such file or directory in C:\xampp\htdocs\qlnhansu_V2\backend\src\public\api\dashboard_charts.php on line 3
[30-Apr-2025 10:56:43 Europe/Berlin] PHP Fatal error:  Uncaught Error: Failed opening required '../../config/auth.php' (include_path='C:\xampp\php\PEAR') in C:\xampp\htdocs\qlnhansu_V2\backend\src\public\api\dashboard_charts.php:3
Stack trace:
#0 C:\xampp\htdocs\qlnhansu_V2\backend\src\public\admin\test_dashboard_charts.php(2): require_once()
#1 {main}
  thrown in C:\xampp\htdocs\qlnhansu_V2\backend\src\public\api\dashboard_charts.php on line 3
[30-Apr-2025 10:57:10 Europe/Berlin] PHP Warning:  require_once(C:\xampp\htdocs\qlnhansu_V2\backend\src\public\api/../../config/auth.php): Failed to open stream: No such file or directory in C:\xampp\htdocs\qlnhansu_V2\backend\src\public\api\dashboard_charts.php on line 3
[30-Apr-2025 10:57:10 Europe/Berlin] PHP Fatal error:  Uncaught Error: Failed opening required 'C:\xampp\htdocs\qlnhansu_V2\backend\src\public\api/../../config/auth.php' (include_path='C:\xampp\php\PEAR') in C:\xampp\htdocs\qlnhansu_V2\backend\src\public\api\dashboard_charts.php:3
Stack trace:
#0 C:\xampp\htdocs\qlnhansu_V2\backend\src\public\admin\test_dashboard_charts.php(2): require_once()
#1 {main}
  thrown in C:\xampp\htdocs\qlnhansu_V2\backend\src\public\api\dashboard_charts.php on line 3
[30-Apr-2025 10:58:14 Europe/Berlin] PHP Notice:  session_start(): Ignoring session_start() because a session is already active in C:\xampp\htdocs\qlnhansu_V2\backend\src\config\auth.php on line 2
[30-Apr-2025 10:58:14 Europe/Berlin] PHP Fatal error:  Uncaught Error: Call to undefined function getDBConnection() in C:\xampp\htdocs\qlnhansu_V2\backend\src\public\api\dashboard_charts.php:13
Stack trace:
#0 C:\xampp\htdocs\qlnhansu_V2\backend\src\public\admin\test_dashboard_charts.php(5): require_once()
#1 {main}
  thrown in C:\xampp\htdocs\qlnhansu_V2\backend\src\public\api\dashboard_charts.php on line 13
[30-Apr-2025 10:58:57 Europe/Berlin] PHP Warning:  file_get_contents(http://localhost/qlnhansu_V2/backend/src/public/api/dashboard_charts.php): Failed to open stream: HTTP request failed! HTTP/1.1 403 Forbidden
 in C:\xampp\htdocs\qlnhansu_V2\backend\src\public\admin\test_dashboard_charts.php on line 11
[30-Apr-2025 10:58:57 Europe/Berlin] PHP Warning:  Trying to access array offset on value of type null in C:\xampp\htdocs\qlnhansu_V2\backend\src\public\admin\test_dashboard_charts.php on line 14
[30-Apr-2025 10:58:57 Europe/Berlin] PHP Warning:  Trying to access array offset on value of type null in C:\xampp\htdocs\qlnhansu_V2\backend\src\public\admin\test_dashboard_charts.php on line 15
[30-Apr-2025 11:00:54 Europe/Berlin] PHP Warning:  file_get_contents(http://localhost/qlnhansu_V2/backend/src/public/api/dashboard_charts.php): Failed to open stream: HTTP request failed! HTTP/1.1 403 Forbidden
 in C:\xampp\htdocs\qlnhansu_V2\backend\src\public\admin\test_dashboard_charts.php on line 11
[30-Apr-2025 11:00:54 Europe/Berlin] PHP Warning:  Trying to access array offset on value of type null in C:\xampp\htdocs\qlnhansu_V2\backend\src\public\admin\test_dashboard_charts.php on line 14
[30-Apr-2025 11:00:54 Europe/Berlin] PHP Warning:  Trying to access array offset on value of type null in C:\xampp\htdocs\qlnhansu_V2\backend\src\public\admin\test_dashboard_charts.php on line 15
[30-Apr-2025 11:02:03 Europe/Berlin] PHP Warning:  file_get_contents(http://localhost/qlnhansu_V2/backend/src/public/api/dashboard_charts.php): Failed to open stream: HTTP request failed! HTTP/1.1 403 Forbidden
 in C:\xampp\htdocs\qlnhansu_V2\backend\src\public\admin\test_dashboard_charts.php on line 12
[30-Apr-2025 11:02:03 Europe/Berlin] PHP Warning:  Trying to access array offset on value of type null in C:\xampp\htdocs\qlnhansu_V2\backend\src\public\admin\test_dashboard_charts.php on line 15
[30-Apr-2025 11:02:03 Europe/Berlin] PHP Warning:  Trying to access array offset on value of type null in C:\xampp\htdocs\qlnhansu_V2\backend\src\public\admin\test_dashboard_charts.php on line 16
[30-Apr-2025 11:06:29 Europe/Berlin] PHP Fatal error:  Uncaught PDOException: There is no active transaction in C:\xampp\htdocs\qlnhansu_V2\backend\src\public\admin\add_missing_columns.php:92
Stack trace:
#0 C:\xampp\htdocs\qlnhansu_V2\backend\src\public\admin\add_missing_columns.php(92): PDO->rollBack()
#1 {main}
  thrown in C:\xampp\htdocs\qlnhansu_V2\backend\src\public\admin\add_missing_columns.php on line 92
[30-Apr-2025 17:42:05 Europe/Berlin] PHP Fatal error:  Uncaught Error: Call to undefined method Database::getInstance() in C:\xampp\htdocs\qlnhansu_V2\backend\src\public\api\activities.php:30
Stack trace:
#0 {main}
  thrown in C:\xampp\htdocs\qlnhansu_V2\backend\src\public\api\activities.php on line 30
[30-Apr-2025 17:42:56 Europe/Berlin] Query: SELECT a.*, COALESCE(up.full_name, u.username) as userName 
              FROM activities a 
              LEFT JOIN users u ON a.user_id = u.user_id 
              LEFT JOIN user_profiles up ON u.user_id = up.user_id 
              WHERE 1=1 ORDER BY a.created_at DESC LIMIT ? OFFSET ?
[30-Apr-2025 17:42:56 Europe/Berlin] Params: Array
(
    [0] => 10
    [1] => 0
)

[30-Apr-2025 17:42:56 Europe/Berlin] Fetched activities: Array
(
    [0] => Array
        (
            [id] => 1
            [user_id] => 1
            [type] => LOGIN
            [description] => Đăng nhập thành công
            [target_entity] => User
            [target_entity_id] => 1
            [status] => info
            [user_agent] => 
            [ip_address] => 
            [created_at] => 2025-04-30 12:00:00
            [userName] => Nguyễn Văn Admin
        )

    [1] => Array
        (
            [id] => 2
            [user_id] => 2
            [type] => UPDATE_PROFILE
            [description] => Cập nhật thông tin cá nhân
            [target_entity] => UserProfile
            [target_entity_id] => 2
            [status] => info
            [user_agent] => 
            [ip_address] => 
            [created_at] => 2025-04-30 12:00:00
            [userName] => Trần Quản Lý IT
        )

    [2] => Array
        (
            [id] => 3
            [user_id] => 3
            [type] => CREATE_LEAVE
            [description] => Tạo đơn nghỉ phép
            [target_entity] => Leave
            [target_entity_id] => 3
            [status] => info
            [user_agent] => 
            [ip_address] => 
            [created_at] => 2025-04-30 12:00:00
            [userName] => Lê Thị HR
        )

    [3] => Array
        (
            [id] => 4
            [user_id] => 4
            [type] => UPLOAD_DOCUMENT
            [description] => Tải lên tài liệu mới
            [target_entity] => Document
            [target_entity_id] => 4
            [status] => info
            [user_agent] => 
            [ip_address] => 
            [created_at] => 2025-04-30 12:00:00
            [userName] => Phạm Nhân Viên 1
        )

    [4] => Array
        (
            [id] => 5
            [user_id] => 5
            [type] => APPROVE_LEAVE
            [description] => Duyệt đơn nghỉ phép
            [target_entity] => Leave
            [target_entity_id] => 5
            [status] => info
            [user_agent] => 
            [ip_address] => 
            [created_at] => 2025-04-30 12:00:00
            [userName] => Hoàng Nhân Viên 2
        )

    [5] => Array
        (
            [id] => 6
            [user_id] => 6
            [type] => ASSIGN_ASSET
            [description] => Phân bổ tài sản
            [target_entity] => AssetAssignment
            [target_entity_id] => 6
            [status] => info
            [user_agent] => 
            [ip_address] => 
            [created_at] => 2025-04-30 12:00:00
            [userName] => Võ Thị Nhân Viên 3
        )

    [6] => Array
        (
            [id] => 7
            [user_id] => 7
            [type] => GENERATE_REPORT
            [description] => Xuất báo cáo lương
            [target_entity] => Payroll
            [target_entity_id] => 7
            [status] => info
            [user_agent] => 
            [ip_address] => 
            [created_at] => 2025-04-30 12:00:00
            [userName] => Đặng Nhân Viên 4
        )

    [7] => Array
        (
            [id] => 8
            [user_id] => 8
            [type] => CREATE_PROJECT
            [description] => Tạo dự án mới
            [target_entity] => Project
            [target_entity_id] => 8
            [status] => info
            [user_agent] => 
            [ip_address] => 
            [created_at] => 2025-04-30 12:00:00
            [userName] => Bùi Kế Toán 1
        )

    [8] => Array
        (
            [id] => 9
            [user_id] => 9
            [type] => COMPLETE_TASK
            [description] => Hoàn thành công việc
            [target_entity] => Task
            [target_entity_id] => 9
            [status] => info
            [user_agent] => 
            [ip_address] => 
            [created_at] => 2025-04-30 12:00:00
            [userName] => Mai Kế Toán 2
        )

    [9] => Array
        (
            [id] => 10
            [user_id] => 10
            [type] => LOGOUT
            [description] => Đăng xuất hệ thống
            [target_entity] => User
            [target_entity_id] => 10
            [status] => info
            [user_agent] => 
            [ip_address] => 
            [created_at] => 2025-04-30 12:00:00
            [userName] => Lý Kế Toán 3
        )

)

[30-Apr-2025 17:42:56 Europe/Berlin] Count Query: SELECT COUNT(*) as total 
                  FROM activities a 
                  LEFT JOIN users u ON a.user_id = u.user_id 
                  LEFT JOIN user_profiles up ON u.user_id = up.user_id 
                  WHERE 1=1
[30-Apr-2025 17:42:56 Europe/Berlin] Count Params: Array
(
)

[30-Apr-2025 17:42:56 Europe/Berlin] Total count: 10
[30-Apr-2025 17:44:57 Europe/Berlin] PHP Fatal error:  Uncaught Error: Call to undefined function getActivityIcon() in C:\xampp\htdocs\qlnhansu_V2\backend\src\public\api\activities.php:79
Stack trace:
#0 [internal function]: {closure}()
#1 C:\xampp\htdocs\qlnhansu_V2\backend\src\public\api\activities.php(71): array_map()
#2 {main}
  thrown in C:\xampp\htdocs\qlnhansu_V2\backend\src\public\api\activities.php on line 79
[30-Apr-2025 17:49:45 Europe/Berlin] Error in activities.php: SQLSTATE[42S22]: Column not found: 1054 Unknown column 'p.title' in 'field list'
[30-Apr-2025 17:49:45 Europe/Berlin] Stack trace: #0 C:\xampp\htdocs\qlnhansu_V2\backend\src\public\api\activities.php(77): PDO->prepare()
#1 {main}
[30-Apr-2025 17:50:46 Europe/Berlin] Error in activities.php: SQLSTATE[42S22]: Column not found: 1054 Unknown column 'up.department_id' in 'on clause'
[30-Apr-2025 17:50:46 Europe/Berlin] Stack trace: #0 C:\xampp\htdocs\qlnhansu_V2\backend\src\public\api\activities.php(69): PDO->prepare()
#1 {main}
[30-Apr-2025 17:54:54 Europe/Berlin] Total activities in database: 10
[30-Apr-2025 17:54:54 Europe/Berlin] Number of activities fetched: 10
[30-Apr-2025 17:54:54 Europe/Berlin] First activity: {"id":1,"user_id":1,"type":"LOGIN","description":"\u0110\u0103ng nh\u1eadp th\u00e0nh c\u00f4ng","target_entity":"User","target_entity_id":1,"status":"info","user_agent":null,"ip_address":null,"created_at":"2025-04-30 12:00:00","username":"admin","email":"admin@company.com","full_name":"Nguy\u1ec5n V\u0103n Admin"}
[30-Apr-2025 17:54:54 Europe/Berlin] Statistics: {"total_activities":10,"total_users":10,"login_count":1,"logout_count":1,"profile_update_count":1,"leave_request_count":1,"leave_approval_count":1,"document_upload_count":1,"asset_assignment_count":1,"report_generation_count":1,"project_creation_count":1,"task_completion_count":1}
[30-Apr-2025 17:54:58 Europe/Berlin] Total activities in database: 10
[30-Apr-2025 17:54:58 Europe/Berlin] Number of activities fetched: 10
[30-Apr-2025 17:54:58 Europe/Berlin] First activity: {"id":1,"user_id":1,"type":"LOGIN","description":"\u0110\u0103ng nh\u1eadp th\u00e0nh c\u00f4ng","target_entity":"User","target_entity_id":1,"status":"info","user_agent":null,"ip_address":null,"created_at":"2025-04-30 12:00:00","username":"admin","email":"admin@company.com","full_name":"Nguy\u1ec5n V\u0103n Admin"}
[30-Apr-2025 17:54:58 Europe/Berlin] Statistics: {"total_activities":10,"total_users":10,"login_count":1,"logout_count":1,"profile_update_count":1,"leave_request_count":1,"leave_approval_count":1,"document_upload_count":1,"asset_assignment_count":1,"report_generation_count":1,"project_creation_count":1,"task_completion_count":1}
[30-Apr-2025 17:55:30 Europe/Berlin] Total activities in database: 10
[30-Apr-2025 17:55:30 Europe/Berlin] Number of activities fetched: 10
[30-Apr-2025 17:55:30 Europe/Berlin] First activity: {"id":1,"user_id":1,"type":"LOGIN","description":"\u0110\u0103ng nh\u1eadp th\u00e0nh c\u00f4ng","target_entity":"User","target_entity_id":1,"status":"info","user_agent":null,"ip_address":null,"created_at":"2025-04-30 12:00:00","username":"admin","email":"admin@company.com","full_name":"Nguy\u1ec5n V\u0103n Admin"}
[30-Apr-2025 17:55:30 Europe/Berlin] Statistics: {"total_activities":10,"total_users":10,"login_count":1,"logout_count":1,"profile_update_count":1,"leave_request_count":1,"leave_approval_count":1,"document_upload_count":1,"asset_assignment_count":1,"report_generation_count":1,"project_creation_count":1,"task_completion_count":1}
[30-Apr-2025 17:55:51 Europe/Berlin] Total activities in database: 10
[30-Apr-2025 17:55:51 Europe/Berlin] Number of activities fetched: 10
[30-Apr-2025 17:55:51 Europe/Berlin] First activity: {"id":1,"user_id":1,"type":"LOGIN","description":"\u0110\u0103ng nh\u1eadp th\u00e0nh c\u00f4ng","target_entity":"User","target_entity_id":1,"status":"info","user_agent":null,"ip_address":null,"created_at":"2025-04-30 12:00:00","username":"admin","email":"admin@company.com","full_name":"Nguy\u1ec5n V\u0103n Admin"}
[30-Apr-2025 17:55:51 Europe/Berlin] Statistics: {"total_activities":10,"total_users":10,"login_count":1,"logout_count":1,"profile_update_count":1,"leave_request_count":1,"leave_approval_count":1,"document_upload_count":1,"asset_assignment_count":1,"report_generation_count":1,"project_creation_count":1,"task_completion_count":1}
[30-Apr-2025 19:23:46 Europe/Berlin] PHP Fatal error:  Uncaught Error: Call to a member function query() on null in C:\xampp\htdocs\qlnhansu_V2\backend\src\public\api\test_database.php:24
Stack trace:
#0 C:\xampp\htdocs\qlnhansu_V2\backend\src\public\api\test_database.php(72): testDatabaseConnection()
#1 C:\xampp\htdocs\qlnhansu_V2\backend\src\public\api\test_database.php(236): runAllTests()
#2 {main}
  thrown in C:\xampp\htdocs\qlnhansu_V2\backend\src\public\api\test_database.php on line 24
[30-Apr-2025 19:30:38 Europe/Berlin] PHP Warning:  Undefined variable $conn in C:\xampp\htdocs\qlnhansu_V2\backend\src\public\api\database.php on line 18
[30-Apr-2025 19:30:38 Europe/Berlin] PHP Fatal error:  Uncaught Error: Call to a member function query() on null in C:\xampp\htdocs\qlnhansu_V2\backend\src\public\api\database.php:18
Stack trace:
#0 {main}
  thrown in C:\xampp\htdocs\qlnhansu_V2\backend\src\public\api\database.php on line 18
