{"level":"info","message":"API routes đã được cấu hình","timestamp":"2025-04-24T12:49:09.453Z"}
{"level":"info","message":"::1 - - [24/Apr/2025:12:49:46 +0000] \"GET /admin HTTP/1.1\" 301 155 \"-\" \"Mozilla/5.0 (Windows NT 10.0; Win64; x64) AppleWebKit/537.36 (KHTML, like Gecko) Chrome/135.0.0.0 Safari/537.36\"","timestamp":"2025-04-24T12:49:46.133Z"}
{"level":"info","message":"::1 - - [24/Apr/2025:12:49:46 +0000] \"GET /admin/ HTTP/1.1\" 200 - \"-\" \"Mozilla/5.0 (Windows NT 10.0; Win64; x64) AppleWebKit/537.36 (KHTML, like Gecko) Chrome/135.0.0.0 Safari/537.36\"","timestamp":"2025-04-24T12:49:46.197Z"}
{"level":"info","message":"Truy cập trang admin: /admin/css/dashboard.css","timestamp":"2025-04-24T12:49:46.643Z"}
{"level":"info","message":"Truy cập trang admin: /admin/js/dashboard.js","timestamp":"2025-04-24T12:49:46.645Z"}
{"level":"info","message":"::1 - - [24/Apr/2025:12:49:46 +0000] \"GET /assets/css/notifications.css HTTP/1.1\" 200 - \"-\" \"Mozilla/5.0 (Windows NT 10.0; Win64; x64) AppleWebKit/537.36 (KHTML, like Gecko) Chrome/135.0.0.0 Safari/537.36\"","timestamp":"2025-04-24T12:49:46.652Z"}
{"level":"info","message":"::1 - - [24/Apr/2025:12:49:46 +0000] \"GET /assets/css/loading.css HTTP/1.1\" 200 - \"-\" \"Mozilla/5.0 (Windows NT 10.0; Win64; x64) AppleWebKit/537.36 (KHTML, like Gecko) Chrome/135.0.0.0 Safari/537.36\"","timestamp":"2025-04-24T12:49:46.657Z"}
{"level":"info","message":"::1 - - [24/Apr/2025:12:49:46 +0000] \"GET /assets/css/style.css HTTP/1.1\" 200 - \"-\" \"Mozilla/5.0 (Windows NT 10.0; Win64; x64) AppleWebKit/537.36 (KHTML, like Gecko) Chrome/135.0.0.0 Safari/537.36\"","timestamp":"2025-04-24T12:49:46.667Z"}
{"level":"warn","message":"404 - Không tìm thấy: GET /shared/images/logo.png","timestamp":"2025-04-24T12:49:46.673Z"}
{"level":"info","message":"::1 - - [24/Apr/2025:12:49:46 +0000] \"GET /shared/images/logo.png HTTP/1.1\" 404 76 \"-\" \"Mozilla/5.0 (Windows NT 10.0; Win64; x64) AppleWebKit/537.36 (KHTML, like Gecko) Chrome/135.0.0.0 Safari/537.36\"","timestamp":"2025-04-24T12:49:46.679Z"}
{"level":"info","message":"::1 - - [24/Apr/2025:12:49:46 +0000] \"GET /assets/js/main.js HTTP/1.1\" 200 - \"-\" \"Mozilla/5.0 (Windows NT 10.0; Win64; x64) AppleWebKit/537.36 (KHTML, like Gecko) Chrome/135.0.0.0 Safari/537.36\"","timestamp":"2025-04-24T12:49:46.684Z"}
{"level":"warn","message":"404 - Không tìm thấy: GET /shared/images/avatar.png","timestamp":"2025-04-24T12:49:46.687Z"}
{"level":"info","message":"::1 - - [24/Apr/2025:12:49:46 +0000] \"GET /shared/images/avatar.png HTTP/1.1\" 404 78 \"-\" \"Mozilla/5.0 (Windows NT 10.0; Win64; x64) AppleWebKit/537.36 (KHTML, like Gecko) Chrome/135.0.0.0 Safari/537.36\"","timestamp":"2025-04-24T12:49:46.690Z"}
{"level":"info","message":"::1 - - [24/Apr/2025:12:49:46 +0000] \"GET /admin/css/dashboard.css HTTP/1.1\" 200 - \"-\" \"Mozilla/5.0 (Windows NT 10.0; Win64; x64) AppleWebKit/537.36 (KHTML, like Gecko) Chrome/135.0.0.0 Safari/537.36\"","timestamp":"2025-04-24T12:49:46.698Z"}
{"level":"info","message":"::1 - - [24/Apr/2025:12:49:46 +0000] \"GET /admin/js/dashboard.js HTTP/1.1\" 200 - \"-\" \"Mozilla/5.0 (Windows NT 10.0; Win64; x64) AppleWebKit/537.36 (KHTML, like Gecko) Chrome/135.0.0.0 Safari/537.36\"","timestamp":"2025-04-24T12:49:46.700Z"}
{"level":"warn","message":"404 - Không tìm thấy: GET /assets/js/services/NotificationSounds.js","timestamp":"2025-04-24T12:49:46.714Z"}
{"level":"info","message":"::1 - - [24/Apr/2025:12:49:46 +0000] \"GET /assets/js/services/NotificationSounds.js HTTP/1.1\" 404 94 \"-\" \"Mozilla/5.0 (Windows NT 10.0; Win64; x64) AppleWebKit/537.36 (KHTML, like Gecko) Chrome/135.0.0.0 Safari/537.36\"","timestamp":"2025-04-24T12:49:46.715Z"}
{"level":"info","message":"::1 - - [24/Apr/2025:12:49:46 +0000] \"GET /assets/js/services/LoadingService.js HTTP/1.1\" 200 - \"-\" \"Mozilla/5.0 (Windows NT 10.0; Win64; x64) AppleWebKit/537.36 (KHTML, like Gecko) Chrome/135.0.0.0 Safari/537.36\"","timestamp":"2025-04-24T12:49:46.722Z"}
{"level":"info","message":"::1 - - [24/Apr/2025:12:49:46 +0000] \"GET /assets/js/services/NotificationService.js HTTP/1.1\" 200 - \"-\" \"Mozilla/5.0 (Windows NT 10.0; Win64; x64) AppleWebKit/537.36 (KHTML, like Gecko) Chrome/135.0.0.0 Safari/537.36\"","timestamp":"2025-04-24T12:49:46.727Z"}
{"level":"info","message":"::1 - - [24/Apr/2025:12:49:46 +0000] \"GET /assets/js/services/NetworkErrorHandler.js HTTP/1.1\" 200 - \"-\" \"Mozilla/5.0 (Windows NT 10.0; Win64; x64) AppleWebKit/537.36 (KHTML, like Gecko) Chrome/135.0.0.0 Safari/537.36\"","timestamp":"2025-04-24T12:49:46.730Z"}
{"level":"warn","message":"404 - Không tìm thấy: GET /favicon.ico","timestamp":"2025-04-24T12:49:47.246Z"}
{"level":"info","message":"::1 - - [24/Apr/2025:12:49:47 +0000] \"GET /favicon.ico HTTP/1.1\" 404 65 \"-\" \"Mozilla/5.0 (Windows NT 10.0; Win64; x64) AppleWebKit/537.36 (KHTML, like Gecko) Chrome/135.0.0.0 Safari/537.36\"","timestamp":"2025-04-24T12:49:47.248Z"}
{"level":"info","message":"API routes đã được cấu hình","timestamp":"2025-04-24 19:52:28"}
{"level":"info","message":"HTTP Request","method":"::1","responseTime":"[24/Apr/2025:12:53:02ms","status":null,"timestamp":"2025-04-24 19:53:02","url":"-"}
{"level":"info","message":"HTTP Request","method":"::1","responseTime":"[24/Apr/2025:12:53:02ms","status":null,"timestamp":"2025-04-24 19:53:02","url":"-"}
{"level":"info","message":"HTTP Request","method":"::1","responseTime":"[24/Apr/2025:12:53:02ms","status":null,"timestamp":"2025-04-24 19:53:02","url":"-"}
{"level":"info","message":"Truy cập trang admin","path":"/admin/css/dashboard.css","timestamp":"2025-04-24 19:53:02"}
{"level":"info","message":"HTTP Request","method":"::1","responseTime":"[24/Apr/2025:12:53:02ms","status":null,"timestamp":"2025-04-24 19:53:02","url":"-"}
{"level":"info","message":"Server đang chạy tại port 3000","timestamp":"2025-04-24 20:02:55"}
{"level":"info","message":"HTTP Request","method":"::1","responseTime":"[24/Apr/2025:13:03:09ms","status":null,"timestamp":"2025-04-24 20:03:09","url":"-"}
{"level":"info","message":"HTTP Request","method":"::1","responseTime":"[24/Apr/2025:13:03:09ms","status":null,"timestamp":"2025-04-24 20:03:09","url":"-"}
{"level":"info","message":"HTTP Request","method":"::1","responseTime":"[24/Apr/2025:13:03:09ms","status":null,"timestamp":"2025-04-24 20:03:09","url":"-"}
{"level":"info","message":"HTTP Request","method":"::1","responseTime":"[24/Apr/2025:13:03:58ms","status":null,"timestamp":"2025-04-24 20:03:58","url":"-"}
{"level":"info","message":"HTTP Request","method":"::1","responseTime":"[24/Apr/2025:13:03:58ms","status":null,"timestamp":"2025-04-24 20:03:58","url":"-"}
{"level":"info","message":"HTTP Request","method":"::1","responseTime":"[24/Apr/2025:13:03:58ms","status":null,"timestamp":"2025-04-24 20:03:58","url":"-"}
{"level":"info","message":"HTTP Request","method":"::1","responseTime":"[24/Apr/2025:13:03:58ms","status":null,"timestamp":"2025-04-24 20:03:58","url":"-"}
{"level":"info","message":"HTTP Request","method":"::1","responseTime":"[24/Apr/2025:13:03:58ms","status":null,"timestamp":"2025-04-24 20:03:58","url":"-"}
{"level":"info","message":"HTTP Request","method":"::1","responseTime":"[24/Apr/2025:13:03:58ms","status":null,"timestamp":"2025-04-24 20:03:58","url":"-"}
{"level":"info","message":"HTTP Request","method":"::1","responseTime":"[24/Apr/2025:13:03:58ms","status":null,"timestamp":"2025-04-24 20:03:58","url":"-"}
{"level":"info","message":"Server đang chạy tại port 3000","timestamp":"2025-04-24 20:13:15"}
{"level":"info","message":"HTTP Request","method":"::1","responseTime":"[24/Apr/2025:13:13:25ms","status":null,"timestamp":"2025-04-24 20:13:25","url":"-"}
{"level":"info","message":"Server đang chạy tại port 3000","timestamp":"2025-04-24 20:15:18"}
{"level":"info","message":"HTTP Request","method":"::1","responseTime":"[24/Apr/2025:13:15:24ms","status":null,"timestamp":"2025-04-24 20:15:24","url":"-"}
{"level":"info","message":"HTTP Request","method":"::1","responseTime":"[24/Apr/2025:13:15:24ms","status":null,"timestamp":"2025-04-24 20:15:24","url":"-"}
{"level":"info","message":"HTTP Request","method":"::1","responseTime":"[24/Apr/2025:13:15:24ms","status":null,"timestamp":"2025-04-24 20:15:24","url":"-"}
{"level":"info","message":"HTTP Request","method":"::1","responseTime":"[24/Apr/2025:13:15:24ms","status":null,"timestamp":"2025-04-24 20:15:24","url":"-"}
{"level":"info","message":"HTTP Request","method":"::1","responseTime":"[24/Apr/2025:13:15:24ms","status":null,"timestamp":"2025-04-24 20:15:24","url":"-"}
{"level":"info","message":"HTTP Request","method":"::1","responseTime":"[24/Apr/2025:13:15:24ms","status":null,"timestamp":"2025-04-24 20:15:24","url":"-"}
{"level":"info","message":"HTTP Request","method":"::1","responseTime":"[24/Apr/2025:13:15:24ms","status":null,"timestamp":"2025-04-24 20:15:24","url":"-"}
{"level":"info","message":"HTTP Request","method":"::1","responseTime":"[24/Apr/2025:13:15:24ms","status":null,"timestamp":"2025-04-24 20:15:24","url":"-"}
{"level":"info","message":"HTTP Request","method":"::1","responseTime":"[24/Apr/2025:13:15:31ms","status":null,"timestamp":"2025-04-24 20:15:31","url":"-"}
{"level":"info","message":"HTTP Request","method":"::1","responseTime":"[24/Apr/2025:13:17:40ms","status":null,"timestamp":"2025-04-24 20:17:40","url":"-"}
{"level":"info","message":"HTTP Request","method":"::1","responseTime":"[24/Apr/2025:13:17:40ms","status":null,"timestamp":"2025-04-24 20:17:40","url":"-"}
{"level":"info","message":"HTTP Request","method":"::1","responseTime":"[24/Apr/2025:13:17:40ms","status":null,"timestamp":"2025-04-24 20:17:40","url":"-"}
{"level":"info","message":"HTTP Request","method":"::1","responseTime":"[24/Apr/2025:13:17:40ms","status":null,"timestamp":"2025-04-24 20:17:40","url":"-"}
{"level":"info","message":"HTTP Request","method":"::1","responseTime":"[24/Apr/2025:13:17:40ms","status":null,"timestamp":"2025-04-24 20:17:40","url":"-"}
{"level":"info","message":"HTTP Request","method":"::1","responseTime":"[24/Apr/2025:13:17:40ms","status":null,"timestamp":"2025-04-24 20:17:40","url":"-"}
{"level":"info","message":"HTTP Request","method":"::1","responseTime":"[24/Apr/2025:13:17:40ms","status":null,"timestamp":"2025-04-24 20:17:40","url":"-"}
{"level":"info","message":"HTTP Request","method":"::1","responseTime":"[24/Apr/2025:13:17:40ms","status":null,"timestamp":"2025-04-24 20:17:40","url":"-"}
{"level":"info","message":"HTTP Request","method":"::1","responseTime":"[24/Apr/2025:13:17:41ms","status":null,"timestamp":"2025-04-24 20:17:41","url":"-"}
{"level":"info","message":"HTTP Request","method":"::1","responseTime":"[24/Apr/2025:13:17:41ms","status":null,"timestamp":"2025-04-24 20:17:41","url":"-"}
{"level":"info","message":"HTTP Request","method":"::1","responseTime":"[24/Apr/2025:13:17:41ms","status":null,"timestamp":"2025-04-24 20:17:41","url":"-"}
{"level":"info","message":"HTTP Request","method":"::1","responseTime":"[24/Apr/2025:13:17:41ms","status":null,"timestamp":"2025-04-24 20:17:41","url":"-"}
{"level":"info","message":"HTTP Request","method":"::1","responseTime":"[24/Apr/2025:13:17:41ms","status":null,"timestamp":"2025-04-24 20:17:41","url":"-"}
{"level":"info","message":"HTTP Request","method":"::1","responseTime":"[24/Apr/2025:13:17:41ms","status":null,"timestamp":"2025-04-24 20:17:41","url":"-"}
{"level":"info","message":"HTTP Request","method":"::1","responseTime":"[24/Apr/2025:13:17:41ms","status":null,"timestamp":"2025-04-24 20:17:41","url":"-"}
{"level":"info","message":"HTTP Request","method":"::1","responseTime":"[24/Apr/2025:13:17:41ms","status":null,"timestamp":"2025-04-24 20:17:41","url":"-"}
{"level":"info","message":"HTTP Request","method":"::1","responseTime":"[24/Apr/2025:13:17:44ms","status":null,"timestamp":"2025-04-24 20:17:44","url":"-"}
{"level":"info","message":"HTTP Request","method":"::1","responseTime":"[24/Apr/2025:13:17:44ms","status":null,"timestamp":"2025-04-24 20:17:44","url":"-"}
{"level":"info","message":"Server đang chạy tại port 3000","timestamp":"2025-04-24 20:18:45"}
{"level":"info","message":"HTTP Request","method":"::1","responseTime":"[24/Apr/2025:13:18:49ms","status":null,"timestamp":"2025-04-24 20:18:49","url":"-"}
{"level":"info","message":"HTTP Request","method":"::1","responseTime":"[24/Apr/2025:13:18:49ms","status":null,"timestamp":"2025-04-24 20:18:49","url":"-"}
{"level":"info","message":"HTTP Request","method":"::1","responseTime":"[24/Apr/2025:13:18:49ms","status":null,"timestamp":"2025-04-24 20:18:49","url":"-"}
{"level":"info","message":"HTTP Request","method":"::1","responseTime":"[24/Apr/2025:13:18:49ms","status":null,"timestamp":"2025-04-24 20:18:49","url":"-"}
{"level":"info","message":"HTTP Request","method":"::1","responseTime":"[24/Apr/2025:14:19:47ms","status":null,"timestamp":"2025-04-24 21:19:47","url":"-"}
{"level":"info","message":"HTTP Request","method":"::1","responseTime":"[24/Apr/2025:14:19:47ms","status":null,"timestamp":"2025-04-24 21:19:47","url":"-"}
{"level":"info","message":"HTTP Request","method":"::1","responseTime":"[24/Apr/2025:14:19:47ms","status":null,"timestamp":"2025-04-24 21:19:47","url":"-"}
{"level":"info","message":"HTTP Request","method":"::1","responseTime":"[24/Apr/2025:14:19:47ms","status":null,"timestamp":"2025-04-24 21:19:47","url":"-"}
{"level":"info","message":"HTTP Request","method":"::1","responseTime":"[25/Apr/2025:00:53:33ms","status":null,"timestamp":"2025-04-25 07:53:33","url":"-"}
{"level":"info","message":"Server đang chạy tại port 3000","timestamp":"2025-04-25 07:54:04"}
{"level":"info","message":"Đã kết nối thành công đến MySQL","timestamp":"2025-04-25 07:54:04"}
{"level":"info","message":"Server đang chạy tại port 3000","timestamp":"2025-04-25 07:55:14"}
{"level":"info","message":"Đã kết nối thành công đến MySQL","timestamp":"2025-04-25 07:55:14"}
{"level":"info","message":"Server đang chạy tại port 3000","timestamp":"2025-04-25 07:56:23"}
{"level":"info","message":"Đã kết nối thành công đến MySQL","timestamp":"2025-04-25 07:56:23"}
{"level":"info","message":"HTTP Request","method":"::1","responseTime":"[25/Apr/2025:00:56:29ms","status":null,"timestamp":"2025-04-25 07:56:29","url":"-"}
{"level":"info","message":"HTTP Request","method":"::1","responseTime":"[25/Apr/2025:00:56:29ms","status":null,"timestamp":"2025-04-25 07:56:29","url":"-"}
{"level":"info","message":"HTTP Request","method":"::1","responseTime":"[25/Apr/2025:00:56:33ms","status":null,"timestamp":"2025-04-25 07:56:33","url":"-"}
{"level":"info","message":"HTTP Request","method":"::1","responseTime":"[25/Apr/2025:00:56:33ms","status":null,"timestamp":"2025-04-25 07:56:33","url":"-"}
{"level":"info","message":"HTTP Request","method":"::1","responseTime":"[25/Apr/2025:00:56:33ms","status":null,"timestamp":"2025-04-25 07:56:33","url":"-"}
{"level":"info","message":"HTTP Request","method":"::1","responseTime":"[25/Apr/2025:00:56:33ms","status":null,"timestamp":"2025-04-25 07:56:33","url":"-"}
{"level":"info","message":"HTTP Request","method":"::1","responseTime":"[25/Apr/2025:00:56:33ms","status":null,"timestamp":"2025-04-25 07:56:33","url":"-"}
{"level":"info","message":"HTTP Request","method":"::1","responseTime":"[25/Apr/2025:00:56:34ms","status":null,"timestamp":"2025-04-25 07:56:34","url":"-"}
{"level":"info","message":"HTTP Request","method":"::1","responseTime":"[25/Apr/2025:00:56:34ms","status":null,"timestamp":"2025-04-25 07:56:34","url":"-"}
{"level":"info","message":"HTTP Request","method":"::1","responseTime":"[25/Apr/2025:00:56:34ms","status":null,"timestamp":"2025-04-25 07:56:34","url":"-"}
{"level":"info","message":"HTTP Request","method":"::1","responseTime":"[25/Apr/2025:00:56:34ms","status":null,"timestamp":"2025-04-25 07:56:34","url":"-"}
{"level":"info","message":"HTTP Request","method":"::1","responseTime":"[25/Apr/2025:00:56:34ms","status":null,"timestamp":"2025-04-25 07:56:34","url":"-"}
{"level":"info","message":"HTTP Request","method":"::1","responseTime":"[25/Apr/2025:00:56:34ms","status":null,"timestamp":"2025-04-25 07:56:34","url":"-"}
{"level":"info","message":"HTTP Request","method":"::1","responseTime":"[25/Apr/2025:00:56:34ms","status":null,"timestamp":"2025-04-25 07:56:34","url":"-"}
{"level":"info","message":"HTTP Request","method":"::1","responseTime":"[25/Apr/2025:00:56:34ms","status":null,"timestamp":"2025-04-25 07:56:34","url":"-"}
{"level":"info","message":"HTTP Request","method":"::1","responseTime":"[25/Apr/2025:00:56:34ms","status":null,"timestamp":"2025-04-25 07:56:34","url":"-"}
{"level":"info","message":"HTTP Request","method":"::1","responseTime":"[25/Apr/2025:00:56:34ms","status":null,"timestamp":"2025-04-25 07:56:34","url":"-"}
{"level":"info","message":"HTTP Request","method":"::1","responseTime":"[25/Apr/2025:00:56:34ms","status":null,"timestamp":"2025-04-25 07:56:34","url":"-"}
{"level":"info","message":"HTTP Request","method":"::1","responseTime":"[25/Apr/2025:00:56:34ms","status":null,"timestamp":"2025-04-25 07:56:34","url":"-"}
{"level":"info","message":"HTTP Request","method":"::1","responseTime":"[25/Apr/2025:00:56:34ms","status":null,"timestamp":"2025-04-25 07:56:34","url":"-"}
{"level":"info","message":"HTTP Request","method":"::1","responseTime":"[25/Apr/2025:00:56:34ms","status":null,"timestamp":"2025-04-25 07:56:34","url":"-"}
{"level":"info","message":"HTTP Request","method":"::1","responseTime":"[25/Apr/2025:00:56:34ms","status":null,"timestamp":"2025-04-25 07:56:34","url":"-"}
{"level":"info","message":"HTTP Request","method":"::1","responseTime":"[25/Apr/2025:00:56:34ms","status":null,"timestamp":"2025-04-25 07:56:34","url":"-"}
{"level":"info","message":"HTTP Request","method":"::1","responseTime":"[25/Apr/2025:00:56:34ms","status":null,"timestamp":"2025-04-25 07:56:34","url":"-"}
{"level":"info","message":"HTTP Request","method":"::1","responseTime":"[25/Apr/2025:00:56:34ms","status":null,"timestamp":"2025-04-25 07:56:34","url":"-"}
{"level":"info","message":"HTTP Request","method":"::1","responseTime":"[25/Apr/2025:00:56:34ms","status":null,"timestamp":"2025-04-25 07:56:34","url":"-"}
{"level":"info","message":"HTTP Request","method":"::1","responseTime":"[25/Apr/2025:00:56:34ms","status":null,"timestamp":"2025-04-25 07:56:34","url":"-"}
{"level":"info","message":"HTTP Request","method":"::1","responseTime":"[25/Apr/2025:00:56:34ms","status":null,"timestamp":"2025-04-25 07:56:34","url":"-"}
{"level":"info","message":"HTTP Request","method":"::1","responseTime":"[25/Apr/2025:00:56:34ms","status":null,"timestamp":"2025-04-25 07:56:34","url":"-"}
{"level":"info","message":"HTTP Request","method":"::1","responseTime":"[25/Apr/2025:00:56:34ms","status":null,"timestamp":"2025-04-25 07:56:34","url":"-"}
{"level":"info","message":"HTTP Request","method":"::1","responseTime":"[25/Apr/2025:00:56:34ms","status":null,"timestamp":"2025-04-25 07:56:34","url":"-"}
{"level":"info","message":"HTTP Request","method":"::1","responseTime":"[25/Apr/2025:00:56:34ms","status":null,"timestamp":"2025-04-25 07:56:34","url":"-"}
{"level":"info","message":"HTTP Request","method":"::1","responseTime":"[25/Apr/2025:00:56:34ms","status":null,"timestamp":"2025-04-25 07:56:34","url":"-"}
{"level":"info","message":"HTTP Request","method":"::1","responseTime":"[25/Apr/2025:00:56:34ms","status":null,"timestamp":"2025-04-25 07:56:34","url":"-"}
{"level":"info","message":"Server đang chạy tại port 3000","timestamp":"2025-04-25 08:00:11"}
{"level":"info","message":"Đã kết nối thành công đến MySQL","timestamp":"2025-04-25 08:00:11"}
{"level":"info","message":"HTTP Request","method":"::1","responseTime":"[25/Apr/2025:01:00:23ms","status":null,"timestamp":"2025-04-25 08:00:23","url":"-"}
{"level":"info","message":"HTTP Request","method":"::1","responseTime":"[25/Apr/2025:01:00:23ms","status":null,"timestamp":"2025-04-25 08:00:23","url":"-"}
{"level":"info","message":"HTTP Request","method":"::1","responseTime":"[25/Apr/2025:01:00:23ms","status":null,"timestamp":"2025-04-25 08:00:23","url":"-"}
{"level":"info","message":"HTTP Request","method":"::1","responseTime":"[25/Apr/2025:01:00:23ms","status":null,"timestamp":"2025-04-25 08:00:23","url":"-"}
{"level":"info","message":"HTTP Request","method":"::1","responseTime":"[25/Apr/2025:01:00:23ms","status":null,"timestamp":"2025-04-25 08:00:23","url":"-"}
{"level":"info","message":"HTTP Request","method":"::1","responseTime":"[25/Apr/2025:01:00:23ms","status":null,"timestamp":"2025-04-25 08:00:23","url":"-"}
{"level":"info","message":"HTTP Request","method":"::1","responseTime":"[25/Apr/2025:01:00:23ms","status":null,"timestamp":"2025-04-25 08:00:23","url":"-"}
{"level":"info","message":"HTTP Request","method":"::1","responseTime":"[25/Apr/2025:01:00:23ms","status":null,"timestamp":"2025-04-25 08:00:23","url":"-"}
{"level":"info","message":"HTTP Request","method":"::1","responseTime":"[25/Apr/2025:01:00:23ms","status":null,"timestamp":"2025-04-25 08:00:23","url":"-"}
{"level":"info","message":"HTTP Request","method":"::1","responseTime":"[25/Apr/2025:01:00:23ms","status":null,"timestamp":"2025-04-25 08:00:23","url":"-"}
{"level":"info","message":"HTTP Request","method":"::1","responseTime":"[25/Apr/2025:01:00:23ms","status":null,"timestamp":"2025-04-25 08:00:23","url":"-"}
{"level":"info","message":"HTTP Request","method":"::1","responseTime":"[25/Apr/2025:01:00:23ms","status":null,"timestamp":"2025-04-25 08:00:23","url":"-"}
{"level":"info","message":"HTTP Request","method":"::1","responseTime":"[25/Apr/2025:01:00:23ms","status":null,"timestamp":"2025-04-25 08:00:23","url":"-"}
{"level":"info","message":"HTTP Request","method":"::1","responseTime":"[25/Apr/2025:01:00:23ms","status":null,"timestamp":"2025-04-25 08:00:23","url":"-"}
{"level":"info","message":"HTTP Request","method":"::1","responseTime":"[25/Apr/2025:01:00:30ms","status":null,"timestamp":"2025-04-25 08:00:30","url":"-"}
{"level":"info","message":"HTTP Request","method":"::1","responseTime":"[25/Apr/2025:01:00:30ms","status":null,"timestamp":"2025-04-25 08:00:30","url":"-"}
{"level":"info","message":"HTTP Request","method":"::1","responseTime":"[25/Apr/2025:01:00:41ms","status":null,"timestamp":"2025-04-25 08:00:41","url":"-"}
{"level":"info","message":"HTTP Request","method":"::1","responseTime":"[25/Apr/2025:01:00:41ms","status":null,"timestamp":"2025-04-25 08:00:41","url":"-"}
{"level":"info","message":"HTTP Request","method":"::1","responseTime":"[25/Apr/2025:01:00:41ms","status":null,"timestamp":"2025-04-25 08:00:41","url":"-"}
{"level":"info","message":"HTTP Request","method":"::1","responseTime":"[25/Apr/2025:01:00:41ms","status":null,"timestamp":"2025-04-25 08:00:41","url":"-"}
{"level":"info","message":"HTTP Request","method":"::1","responseTime":"[25/Apr/2025:01:00:41ms","status":null,"timestamp":"2025-04-25 08:00:41","url":"-"}
{"level":"info","message":"HTTP Request","method":"::1","responseTime":"[25/Apr/2025:01:00:41ms","status":null,"timestamp":"2025-04-25 08:00:41","url":"-"}
{"level":"info","message":"HTTP Request","method":"::1","responseTime":"[25/Apr/2025:01:00:41ms","status":null,"timestamp":"2025-04-25 08:00:41","url":"-"}
{"level":"info","message":"HTTP Request","method":"::1","responseTime":"[25/Apr/2025:01:00:41ms","status":null,"timestamp":"2025-04-25 08:00:41","url":"-"}
{"level":"info","message":"HTTP Request","method":"::1","responseTime":"[25/Apr/2025:01:00:41ms","status":null,"timestamp":"2025-04-25 08:00:41","url":"-"}
{"level":"info","message":"HTTP Request","method":"::1","responseTime":"[25/Apr/2025:01:00:41ms","status":null,"timestamp":"2025-04-25 08:00:41","url":"-"}
{"level":"info","message":"HTTP Request","method":"::1","responseTime":"[25/Apr/2025:01:00:41ms","status":null,"timestamp":"2025-04-25 08:00:41","url":"-"}
{"level":"info","message":"HTTP Request","method":"::1","responseTime":"[25/Apr/2025:01:00:41ms","status":null,"timestamp":"2025-04-25 08:00:41","url":"-"}
{"level":"info","message":"HTTP Request","method":"::1","responseTime":"[25/Apr/2025:01:00:41ms","status":null,"timestamp":"2025-04-25 08:00:41","url":"-"}
{"level":"info","message":"HTTP Request","method":"::1","responseTime":"[25/Apr/2025:01:00:41ms","status":null,"timestamp":"2025-04-25 08:00:41","url":"-"}
{"level":"info","message":"HTTP Request","method":"::1","responseTime":"[25/Apr/2025:01:02:57ms","status":null,"timestamp":"2025-04-25 08:02:57","url":"-"}
{"level":"info","message":"HTTP Request","method":"::1","responseTime":"[25/Apr/2025:01:02:57ms","status":null,"timestamp":"2025-04-25 08:02:57","url":"-"}
{"level":"info","message":"HTTP Request","method":"::1","responseTime":"[25/Apr/2025:01:02:57ms","status":null,"timestamp":"2025-04-25 08:02:57","url":"-"}
{"level":"info","message":"HTTP Request","method":"::1","responseTime":"[25/Apr/2025:01:02:57ms","status":null,"timestamp":"2025-04-25 08:02:57","url":"-"}
{"level":"info","message":"HTTP Request","method":"::1","responseTime":"[25/Apr/2025:01:02:57ms","status":null,"timestamp":"2025-04-25 08:02:57","url":"-"}
{"level":"info","message":"HTTP Request","method":"::1","responseTime":"[25/Apr/2025:01:02:57ms","status":null,"timestamp":"2025-04-25 08:02:57","url":"-"}
{"level":"info","message":"HTTP Request","method":"::1","responseTime":"[25/Apr/2025:01:02:57ms","status":null,"timestamp":"2025-04-25 08:02:57","url":"-"}
{"level":"info","message":"HTTP Request","method":"::1","responseTime":"[25/Apr/2025:01:02:57ms","status":null,"timestamp":"2025-04-25 08:02:57","url":"-"}
{"level":"info","message":"HTTP Request","method":"::1","responseTime":"[25/Apr/2025:01:02:57ms","status":null,"timestamp":"2025-04-25 08:02:57","url":"-"}
{"level":"info","message":"HTTP Request","method":"::1","responseTime":"[25/Apr/2025:01:02:57ms","status":null,"timestamp":"2025-04-25 08:02:57","url":"-"}
{"level":"info","message":"HTTP Request","method":"::1","responseTime":"[25/Apr/2025:01:02:57ms","status":null,"timestamp":"2025-04-25 08:02:57","url":"-"}
{"level":"info","message":"HTTP Request","method":"::1","responseTime":"[25/Apr/2025:01:02:57ms","status":null,"timestamp":"2025-04-25 08:02:57","url":"-"}
{"level":"info","message":"HTTP Request","method":"::1","responseTime":"[25/Apr/2025:01:02:57ms","status":null,"timestamp":"2025-04-25 08:02:57","url":"-"}
{"level":"info","message":"HTTP Request","method":"::1","responseTime":"[25/Apr/2025:01:02:57ms","status":null,"timestamp":"2025-04-25 08:02:57","url":"-"}
{"level":"info","message":"HTTP Request","method":"::1","responseTime":"[25/Apr/2025:01:07:58ms","status":null,"timestamp":"2025-04-25 08:07:58","url":"-"}
{"level":"info","message":"HTTP Request","method":"::1","responseTime":"[25/Apr/2025:01:07:58ms","status":null,"timestamp":"2025-04-25 08:07:58","url":"-"}
{"level":"info","message":"HTTP Request","method":"::1","responseTime":"[25/Apr/2025:01:07:58ms","status":null,"timestamp":"2025-04-25 08:07:58","url":"-"}
{"level":"info","message":"HTTP Request","method":"::1","responseTime":"[25/Apr/2025:01:07:58ms","status":null,"timestamp":"2025-04-25 08:07:58","url":"-"}
{"level":"info","message":"HTTP Request","method":"::1","responseTime":"[25/Apr/2025:01:07:58ms","status":null,"timestamp":"2025-04-25 08:07:58","url":"-"}
{"level":"info","message":"HTTP Request","method":"::1","responseTime":"[25/Apr/2025:01:09:18ms","status":null,"timestamp":"2025-04-25 08:09:18","url":"-"}
{"level":"info","message":"HTTP Request","method":"::1","responseTime":"[25/Apr/2025:01:09:20ms","status":null,"timestamp":"2025-04-25 08:09:20","url":"-"}
{"level":"info","message":"HTTP Request","method":"::1","responseTime":"[25/Apr/2025:01:09:20ms","status":null,"timestamp":"2025-04-25 08:09:20","url":"-"}
{"level":"info","message":"HTTP Request","method":"::1","responseTime":"[25/Apr/2025:01:09:20ms","status":null,"timestamp":"2025-04-25 08:09:20","url":"-"}
{"level":"info","message":"HTTP Request","method":"::1","responseTime":"[25/Apr/2025:01:09:20ms","status":null,"timestamp":"2025-04-25 08:09:20","url":"-"}
{"level":"info","message":"HTTP Request","method":"::1","responseTime":"[25/Apr/2025:01:09:20ms","status":null,"timestamp":"2025-04-25 08:09:20","url":"-"}
{"level":"info","message":"HTTP Request","method":"::1","responseTime":"[25/Apr/2025:01:09:20ms","status":null,"timestamp":"2025-04-25 08:09:20","url":"-"}
{"level":"info","message":"HTTP Request","method":"::1","responseTime":"[25/Apr/2025:01:09:20ms","status":null,"timestamp":"2025-04-25 08:09:20","url":"-"}
{"level":"info","message":"HTTP Request","method":"::1","responseTime":"[25/Apr/2025:01:09:20ms","status":null,"timestamp":"2025-04-25 08:09:20","url":"-"}
{"level":"info","message":"HTTP Request","method":"::1","responseTime":"[25/Apr/2025:01:09:20ms","status":null,"timestamp":"2025-04-25 08:09:20","url":"-"}
{"level":"info","message":"HTTP Request","method":"::1","responseTime":"[25/Apr/2025:01:09:20ms","status":null,"timestamp":"2025-04-25 08:09:20","url":"-"}
{"level":"info","message":"HTTP Request","method":"::1","responseTime":"[25/Apr/2025:01:09:20ms","status":null,"timestamp":"2025-04-25 08:09:20","url":"-"}
{"level":"info","message":"HTTP Request","method":"::1","responseTime":"[25/Apr/2025:01:09:20ms","status":null,"timestamp":"2025-04-25 08:09:20","url":"-"}
{"level":"info","message":"HTTP Request","method":"::1","responseTime":"[25/Apr/2025:01:09:20ms","status":null,"timestamp":"2025-04-25 08:09:20","url":"-"}
{"level":"info","message":"HTTP Request","method":"::1","responseTime":"[25/Apr/2025:01:09:20ms","status":null,"timestamp":"2025-04-25 08:09:20","url":"-"}
{"level":"info","message":"HTTP Request","method":"::1","responseTime":"[25/Apr/2025:01:09:20ms","status":null,"timestamp":"2025-04-25 08:09:20","url":"-"}
{"level":"info","message":"HTTP Request","method":"::1","responseTime":"[25/Apr/2025:01:09:20ms","status":null,"timestamp":"2025-04-25 08:09:20","url":"-"}
{"level":"info","message":"HTTP Request","method":"::1","responseTime":"[25/Apr/2025:01:09:20ms","status":null,"timestamp":"2025-04-25 08:09:20","url":"-"}
{"level":"info","message":"HTTP Request","method":"::1","responseTime":"[25/Apr/2025:01:09:20ms","status":null,"timestamp":"2025-04-25 08:09:20","url":"-"}
{"level":"info","message":"HTTP Request","method":"::1","responseTime":"[25/Apr/2025:01:09:20ms","status":null,"timestamp":"2025-04-25 08:09:20","url":"-"}
{"level":"info","message":"HTTP Request","method":"::1","responseTime":"[25/Apr/2025:01:09:20ms","status":null,"timestamp":"2025-04-25 08:09:20","url":"-"}
{"level":"info","message":"HTTP Request","method":"::1","responseTime":"[25/Apr/2025:01:09:20ms","status":null,"timestamp":"2025-04-25 08:09:20","url":"-"}
{"level":"info","message":"HTTP Request","method":"::1","responseTime":"[25/Apr/2025:01:09:20ms","status":null,"timestamp":"2025-04-25 08:09:20","url":"-"}
{"level":"info","message":"HTTP Request","method":"::1","responseTime":"[25/Apr/2025:01:09:20ms","status":null,"timestamp":"2025-04-25 08:09:20","url":"-"}
{"level":"info","message":"HTTP Request","method":"::1","responseTime":"[25/Apr/2025:01:09:20ms","status":null,"timestamp":"2025-04-25 08:09:20","url":"-"}
{"level":"info","message":"HTTP Request","method":"::1","responseTime":"[25/Apr/2025:01:09:20ms","status":null,"timestamp":"2025-04-25 08:09:20","url":"-"}
{"level":"info","message":"HTTP Request","method":"::1","responseTime":"[25/Apr/2025:01:09:20ms","status":null,"timestamp":"2025-04-25 08:09:20","url":"-"}
{"level":"info","message":"HTTP Request","method":"::1","responseTime":"[25/Apr/2025:01:09:20ms","status":null,"timestamp":"2025-04-25 08:09:20","url":"-"}
{"level":"info","message":"HTTP Request","method":"::1","responseTime":"[25/Apr/2025:01:09:20ms","status":null,"timestamp":"2025-04-25 08:09:20","url":"-"}
{"level":"info","message":"HTTP Request","method":"::1","responseTime":"[25/Apr/2025:01:09:20ms","status":null,"timestamp":"2025-04-25 08:09:20","url":"-"}
{"level":"info","message":"HTTP Request","method":"::1","responseTime":"[25/Apr/2025:01:09:20ms","status":null,"timestamp":"2025-04-25 08:09:20","url":"-"}
{"level":"info","message":"HTTP Request","method":"::1","responseTime":"[25/Apr/2025:01:09:20ms","status":null,"timestamp":"2025-04-25 08:09:20","url":"-"}
{"level":"info","message":"HTTP Request","method":"::1","responseTime":"[25/Apr/2025:01:09:20ms","status":null,"timestamp":"2025-04-25 08:09:20","url":"-"}
{"level":"info","message":"HTTP Request","method":"::1","responseTime":"[25/Apr/2025:01:12:58ms","status":null,"timestamp":"2025-04-25 08:12:58","url":"-"}
{"level":"info","message":"HTTP Request","method":"::1","responseTime":"[25/Apr/2025:01:12:58ms","status":null,"timestamp":"2025-04-25 08:12:58","url":"-"}
{"level":"info","message":"HTTP Request","method":"::1","responseTime":"[25/Apr/2025:01:12:58ms","status":null,"timestamp":"2025-04-25 08:12:58","url":"-"}
{"level":"info","message":"HTTP Request","method":"::1","responseTime":"[25/Apr/2025:01:12:58ms","status":null,"timestamp":"2025-04-25 08:12:58","url":"-"}
{"level":"info","message":"HTTP Request","method":"::1","responseTime":"[25/Apr/2025:01:12:58ms","status":null,"timestamp":"2025-04-25 08:12:58","url":"-"}
{"level":"info","message":"HTTP Request","method":"::1","responseTime":"[25/Apr/2025:01:17:58ms","status":null,"timestamp":"2025-04-25 08:17:58","url":"-"}
{"level":"info","message":"HTTP Request","method":"::1","responseTime":"[25/Apr/2025:01:17:58ms","status":null,"timestamp":"2025-04-25 08:17:58","url":"-"}
{"level":"info","message":"HTTP Request","method":"::1","responseTime":"[25/Apr/2025:01:17:58ms","status":null,"timestamp":"2025-04-25 08:17:58","url":"-"}
{"level":"info","message":"HTTP Request","method":"::1","responseTime":"[25/Apr/2025:01:17:58ms","status":null,"timestamp":"2025-04-25 08:17:58","url":"-"}
{"level":"info","message":"HTTP Request","method":"::1","responseTime":"[25/Apr/2025:01:17:58ms","status":null,"timestamp":"2025-04-25 08:17:58","url":"-"}
{"level":"info","message":"HTTP Request","method":"::1","responseTime":"[25/Apr/2025:01:48:01ms","status":null,"timestamp":"2025-04-25 08:48:01","url":"-"}
{"level":"info","message":"HTTP Request","method":"::1","responseTime":"[25/Apr/2025:01:48:01ms","status":null,"timestamp":"2025-04-25 08:48:01","url":"-"}
{"error":{"fatal":true},"level":"error","message":"Lỗi khi lấy dữ liệu từ bảng activities:","timestamp":"2025-04-25 08:48:03"}
{"level":"info","message":"HTTP Request","method":"::1","responseTime":"[25/Apr/2025:01:48:03ms","status":null,"timestamp":"2025-04-25 08:48:03","url":"-"}
{"error":{"fatal":true},"level":"error","message":"Lỗi khi lấy dữ liệu từ bảng audit_logs:","timestamp":"2025-04-25 08:48:03"}
{"level":"info","message":"HTTP Request","method":"::1","responseTime":"[25/Apr/2025:01:48:03ms","status":null,"timestamp":"2025-04-25 08:48:03","url":"-"}
{"error":{"fatal":true},"level":"error","message":"Lỗi khi lấy dữ liệu từ bảng departments:","timestamp":"2025-04-25 08:48:03"}
{"level":"info","message":"HTTP Request","method":"::1","responseTime":"[25/Apr/2025:01:48:03ms","status":null,"timestamp":"2025-04-25 08:48:03","url":"-"}
{"error":{"fatal":true},"level":"error","message":"Lỗi khi lấy dữ liệu từ bảng documents:","timestamp":"2025-04-25 08:48:03"}
{"level":"info","message":"HTTP Request","method":"::1","responseTime":"[25/Apr/2025:01:48:03ms","status":null,"timestamp":"2025-04-25 08:48:03","url":"-"}
{"error":{"fatal":true},"level":"error","message":"Lỗi khi lấy dữ liệu từ bảng bonuses:","timestamp":"2025-04-25 08:48:03"}
{"level":"info","message":"HTTP Request","method":"::1","responseTime":"[25/Apr/2025:01:48:03ms","status":null,"timestamp":"2025-04-25 08:48:03","url":"-"}
{"error":{"fatal":true},"level":"error","message":"Lỗi khi lấy dữ liệu từ bảng degrees:","timestamp":"2025-04-25 08:48:03"}
{"level":"info","message":"HTTP Request","method":"::1","responseTime":"[25/Apr/2025:01:48:03ms","status":null,"timestamp":"2025-04-25 08:48:03","url":"-"}
{"error":{"fatal":true},"level":"error","message":"Lỗi khi lấy dữ liệu từ bảng email_verification_tokens:","timestamp":"2025-04-25 08:48:03"}
{"level":"info","message":"HTTP Request","method":"::1","responseTime":"[25/Apr/2025:01:48:03ms","status":null,"timestamp":"2025-04-25 08:48:03","url":"-"}
{"error":{"fatal":true},"level":"error","message":"Lỗi khi lấy dữ liệu từ bảng employee_positions:","timestamp":"2025-04-25 08:48:03"}
{"level":"info","message":"HTTP Request","method":"::1","responseTime":"[25/Apr/2025:01:48:03ms","status":null,"timestamp":"2025-04-25 08:48:03","url":"-"}
{"error":{"fatal":true},"level":"error","message":"Lỗi khi lấy dữ liệu từ bảng employee_trainings:","timestamp":"2025-04-25 08:48:03"}
{"level":"info","message":"HTTP Request","method":"::1","responseTime":"[25/Apr/2025:01:48:03ms","status":null,"timestamp":"2025-04-25 08:48:03","url":"-"}
{"error":{"fatal":true},"level":"error","message":"Lỗi khi lấy dữ liệu từ bảng equipment_assignments:","timestamp":"2025-04-25 08:48:03"}
{"level":"info","message":"HTTP Request","method":"::1","responseTime":"[25/Apr/2025:01:48:03ms","status":null,"timestamp":"2025-04-25 08:48:03","url":"-"}
{"error":{"fatal":true},"level":"error","message":"Lỗi khi lấy dữ liệu từ bảng family_members:","timestamp":"2025-04-25 08:48:03"}
{"level":"info","message":"HTTP Request","method":"::1","responseTime":"[25/Apr/2025:01:48:03ms","status":null,"timestamp":"2025-04-25 08:48:03","url":"-"}
{"error":{"fatal":true},"level":"error","message":"Lỗi khi lấy dữ liệu từ bảng holidays:","timestamp":"2025-04-25 08:48:03"}
{"level":"info","message":"HTTP Request","method":"::1","responseTime":"[25/Apr/2025:01:48:03ms","status":null,"timestamp":"2025-04-25 08:48:03","url":"-"}
{"error":{"fatal":true},"level":"error","message":"Lỗi khi lấy dữ liệu từ bảng leaves:","timestamp":"2025-04-25 08:48:03"}
{"level":"info","message":"HTTP Request","method":"::1","responseTime":"[25/Apr/2025:01:48:03ms","status":null,"timestamp":"2025-04-25 08:48:03","url":"-"}
{"error":{"fatal":true},"level":"error","message":"Lỗi khi lấy dữ liệu từ bảng notifications:","timestamp":"2025-04-25 08:48:03"}
{"level":"info","message":"HTTP Request","method":"::1","responseTime":"[25/Apr/2025:01:48:03ms","status":null,"timestamp":"2025-04-25 08:48:03","url":"-"}
{"error":{"fatal":true},"level":"error","message":"Lỗi khi lấy dữ liệu từ bảng employees:","timestamp":"2025-04-25 08:48:03"}
{"level":"info","message":"HTTP Request","method":"::1","responseTime":"[25/Apr/2025:01:48:03ms","status":null,"timestamp":"2025-04-25 08:48:03","url":"-"}
{"error":{"fatal":true},"level":"error","message":"Lỗi khi lấy dữ liệu từ bảng password_reset_tokens:","timestamp":"2025-04-25 08:48:03"}
{"level":"info","message":"HTTP Request","method":"::1","responseTime":"[25/Apr/2025:01:48:03ms","status":null,"timestamp":"2025-04-25 08:48:03","url":"-"}
{"error":{"fatal":true},"level":"error","message":"Lỗi khi lấy dữ liệu từ bảng payroll:","timestamp":"2025-04-25 08:48:03"}
{"level":"info","message":"HTTP Request","method":"::1","responseTime":"[25/Apr/2025:01:48:03ms","status":null,"timestamp":"2025-04-25 08:48:03","url":"-"}
{"error":{"fatal":true},"level":"error","message":"Lỗi khi lấy dữ liệu từ bảng payrolls:","timestamp":"2025-04-25 08:48:03"}
{"level":"info","message":"HTTP Request","method":"::1","responseTime":"[25/Apr/2025:01:48:03ms","status":null,"timestamp":"2025-04-25 08:48:03","url":"-"}
{"error":{"fatal":true},"level":"error","message":"Lỗi khi lấy dữ liệu từ bảng login_attempts:","timestamp":"2025-04-25 08:48:03"}
{"level":"info","message":"HTTP Request","method":"::1","responseTime":"[25/Apr/2025:01:48:03ms","status":null,"timestamp":"2025-04-25 08:48:03","url":"-"}
{"error":{"fatal":true},"level":"error","message":"Lỗi khi lấy dữ liệu từ bảng performances:","timestamp":"2025-04-25 08:48:03"}
{"level":"info","message":"HTTP Request","method":"::1","responseTime":"[25/Apr/2025:01:48:03ms","status":null,"timestamp":"2025-04-25 08:48:03","url":"-"}
{"error":{"fatal":true},"level":"error","message":"Lỗi khi lấy dữ liệu từ bảng permissions:","timestamp":"2025-04-25 08:48:03"}
{"level":"info","message":"HTTP Request","method":"::1","responseTime":"[25/Apr/2025:01:48:03ms","status":null,"timestamp":"2025-04-25 08:48:03","url":"-"}
{"error":{"fatal":true},"level":"error","message":"Lỗi khi lấy dữ liệu từ bảng positions:","timestamp":"2025-04-25 08:48:03"}
{"level":"info","message":"HTTP Request","method":"::1","responseTime":"[25/Apr/2025:01:48:03ms","status":null,"timestamp":"2025-04-25 08:48:03","url":"-"}
{"error":{"fatal":true},"level":"error","message":"Lỗi khi lấy dữ liệu từ bảng rate_limits:","timestamp":"2025-04-25 08:48:03"}
{"level":"info","message":"HTTP Request","method":"::1","responseTime":"[25/Apr/2025:01:48:03ms","status":null,"timestamp":"2025-04-25 08:48:03","url":"-"}
{"error":{"fatal":true},"level":"error","message":"Lỗi khi lấy dữ liệu từ bảng role_permissions:","timestamp":"2025-04-25 08:48:03"}
{"level":"info","message":"HTTP Request","method":"::1","responseTime":"[25/Apr/2025:01:48:03ms","status":null,"timestamp":"2025-04-25 08:48:03","url":"-"}
{"error":{"fatal":true},"level":"error","message":"Lỗi khi lấy dữ liệu từ bảng roles:","timestamp":"2025-04-25 08:48:03"}
{"level":"info","message":"HTTP Request","method":"::1","responseTime":"[25/Apr/2025:01:48:03ms","status":null,"timestamp":"2025-04-25 08:48:03","url":"-"}
{"error":{"fatal":true},"level":"error","message":"Lỗi khi lấy dữ liệu từ bảng salary_history:","timestamp":"2025-04-25 08:48:03"}
{"level":"info","message":"HTTP Request","method":"::1","responseTime":"[25/Apr/2025:01:48:03ms","status":null,"timestamp":"2025-04-25 08:48:03","url":"-"}
{"error":{"fatal":true},"level":"error","message":"Lỗi khi lấy dữ liệu từ bảng sessions:","timestamp":"2025-04-25 08:48:03"}
{"level":"info","message":"HTTP Request","method":"::1","responseTime":"[25/Apr/2025:01:48:03ms","status":null,"timestamp":"2025-04-25 08:48:03","url":"-"}
{"error":{"fatal":true},"level":"error","message":"Lỗi khi lấy dữ liệu từ bảng tasks:","timestamp":"2025-04-25 08:48:03"}
{"level":"info","message":"HTTP Request","method":"::1","responseTime":"[25/Apr/2025:01:48:03ms","status":null,"timestamp":"2025-04-25 08:48:03","url":"-"}
{"error":{"fatal":true},"level":"error","message":"Lỗi khi lấy dữ liệu từ bảng trainings:","timestamp":"2025-04-25 08:48:03"}
{"level":"info","message":"HTTP Request","method":"::1","responseTime":"[25/Apr/2025:01:48:03ms","status":null,"timestamp":"2025-04-25 08:48:03","url":"-"}
{"error":{"fatal":true},"level":"error","message":"Lỗi khi lấy dữ liệu từ bảng user_profiles:","timestamp":"2025-04-25 08:48:03"}
{"level":"info","message":"HTTP Request","method":"::1","responseTime":"[25/Apr/2025:01:48:03ms","status":null,"timestamp":"2025-04-25 08:48:03","url":"-"}
{"error":{"fatal":true},"level":"error","message":"Lỗi khi lấy dữ liệu từ bảng users:","timestamp":"2025-04-25 08:48:03"}
{"level":"info","message":"HTTP Request","method":"::1","responseTime":"[25/Apr/2025:01:48:03ms","status":null,"timestamp":"2025-04-25 08:48:03","url":"-"}
{"error":{"fatal":true},"level":"error","message":"Lỗi khi lấy dữ liệu từ bảng work_schedules:","timestamp":"2025-04-25 08:48:03"}
{"level":"info","message":"HTTP Request","method":"::1","responseTime":"[25/Apr/2025:01:48:03ms","status":null,"timestamp":"2025-04-25 08:48:03","url":"-"}
{"error":{"fatal":true},"level":"error","message":"Lỗi khi lấy dữ liệu từ bảng activities:","timestamp":"2025-04-25 08:48:07"}
{"level":"info","message":"HTTP Request","method":"::1","responseTime":"[25/Apr/2025:01:48:07ms","status":null,"timestamp":"2025-04-25 08:48:07","url":"-"}
{"error":{"fatal":true},"level":"error","message":"Lỗi khi lấy dữ liệu từ bảng audit_logs:","timestamp":"2025-04-25 08:48:07"}
{"level":"info","message":"HTTP Request","method":"::1","responseTime":"[25/Apr/2025:01:48:07ms","status":null,"timestamp":"2025-04-25 08:48:07","url":"-"}
{"error":{"fatal":true},"level":"error","message":"Lỗi khi lấy dữ liệu từ bảng bonuses:","timestamp":"2025-04-25 08:48:07"}
{"level":"info","message":"HTTP Request","method":"::1","responseTime":"[25/Apr/2025:01:48:07ms","status":null,"timestamp":"2025-04-25 08:48:07","url":"-"}
{"error":{"fatal":true},"level":"error","message":"Lỗi khi lấy dữ liệu từ bảng degrees:","timestamp":"2025-04-25 08:48:07"}
{"level":"info","message":"HTTP Request","method":"::1","responseTime":"[25/Apr/2025:01:48:07ms","status":null,"timestamp":"2025-04-25 08:48:07","url":"-"}
{"error":{"fatal":true},"level":"error","message":"Lỗi khi lấy dữ liệu từ bảng departments:","timestamp":"2025-04-25 08:48:07"}
{"level":"info","message":"HTTP Request","method":"::1","responseTime":"[25/Apr/2025:01:48:07ms","status":null,"timestamp":"2025-04-25 08:48:07","url":"-"}
{"error":{"fatal":true},"level":"error","message":"Lỗi khi lấy dữ liệu từ bảng documents:","timestamp":"2025-04-25 08:48:07"}
{"level":"info","message":"HTTP Request","method":"::1","responseTime":"[25/Apr/2025:01:48:07ms","status":null,"timestamp":"2025-04-25 08:48:07","url":"-"}
{"error":{"fatal":true},"level":"error","message":"Lỗi khi lấy dữ liệu từ bảng email_verification_tokens:","timestamp":"2025-04-25 08:48:07"}
{"level":"info","message":"HTTP Request","method":"::1","responseTime":"[25/Apr/2025:01:48:07ms","status":null,"timestamp":"2025-04-25 08:48:07","url":"-"}
{"error":{"fatal":true},"level":"error","message":"Lỗi khi lấy dữ liệu từ bảng employee_positions:","timestamp":"2025-04-25 08:48:07"}
{"level":"info","message":"HTTP Request","method":"::1","responseTime":"[25/Apr/2025:01:48:07ms","status":null,"timestamp":"2025-04-25 08:48:07","url":"-"}
{"error":{"fatal":true},"level":"error","message":"Lỗi khi lấy dữ liệu từ bảng employee_trainings:","timestamp":"2025-04-25 08:48:07"}
{"level":"info","message":"HTTP Request","method":"::1","responseTime":"[25/Apr/2025:01:48:07ms","status":null,"timestamp":"2025-04-25 08:48:07","url":"-"}
{"error":{"fatal":true},"level":"error","message":"Lỗi khi lấy dữ liệu từ bảng employees:","timestamp":"2025-04-25 08:48:07"}
{"level":"info","message":"HTTP Request","method":"::1","responseTime":"[25/Apr/2025:01:48:07ms","status":null,"timestamp":"2025-04-25 08:48:07","url":"-"}
{"error":{"fatal":true},"level":"error","message":"Lỗi khi lấy dữ liệu từ bảng equipment_assignments:","timestamp":"2025-04-25 08:48:07"}
{"level":"info","message":"HTTP Request","method":"::1","responseTime":"[25/Apr/2025:01:48:07ms","status":null,"timestamp":"2025-04-25 08:48:07","url":"-"}
{"error":{"fatal":true},"level":"error","message":"Lỗi khi lấy dữ liệu từ bảng family_members:","timestamp":"2025-04-25 08:48:07"}
{"level":"info","message":"HTTP Request","method":"::1","responseTime":"[25/Apr/2025:01:48:07ms","status":null,"timestamp":"2025-04-25 08:48:07","url":"-"}
{"error":{"fatal":true},"level":"error","message":"Lỗi khi lấy dữ liệu từ bảng holidays:","timestamp":"2025-04-25 08:48:07"}
{"level":"info","message":"HTTP Request","method":"::1","responseTime":"[25/Apr/2025:01:48:07ms","status":null,"timestamp":"2025-04-25 08:48:07","url":"-"}
{"error":{"fatal":true},"level":"error","message":"Lỗi khi lấy dữ liệu từ bảng leaves:","timestamp":"2025-04-25 08:48:07"}
{"level":"info","message":"HTTP Request","method":"::1","responseTime":"[25/Apr/2025:01:48:07ms","status":null,"timestamp":"2025-04-25 08:48:07","url":"-"}
{"error":{"fatal":true},"level":"error","message":"Lỗi khi lấy dữ liệu từ bảng login_attempts:","timestamp":"2025-04-25 08:48:07"}
{"level":"info","message":"HTTP Request","method":"::1","responseTime":"[25/Apr/2025:01:48:07ms","status":null,"timestamp":"2025-04-25 08:48:07","url":"-"}
{"error":{"fatal":true},"level":"error","message":"Lỗi khi lấy dữ liệu từ bảng notifications:","timestamp":"2025-04-25 08:48:07"}
{"level":"info","message":"HTTP Request","method":"::1","responseTime":"[25/Apr/2025:01:48:07ms","status":null,"timestamp":"2025-04-25 08:48:07","url":"-"}
{"error":{"fatal":true},"level":"error","message":"Lỗi khi lấy dữ liệu từ bảng password_reset_tokens:","timestamp":"2025-04-25 08:48:07"}
{"level":"info","message":"HTTP Request","method":"::1","responseTime":"[25/Apr/2025:01:48:07ms","status":null,"timestamp":"2025-04-25 08:48:07","url":"-"}
{"error":{"fatal":true},"level":"error","message":"Lỗi khi lấy dữ liệu từ bảng payroll:","timestamp":"2025-04-25 08:48:07"}
{"level":"info","message":"HTTP Request","method":"::1","responseTime":"[25/Apr/2025:01:48:07ms","status":null,"timestamp":"2025-04-25 08:48:07","url":"-"}
{"error":{"fatal":true},"level":"error","message":"Lỗi khi lấy dữ liệu từ bảng payrolls:","timestamp":"2025-04-25 08:48:07"}
{"level":"info","message":"HTTP Request","method":"::1","responseTime":"[25/Apr/2025:01:48:07ms","status":null,"timestamp":"2025-04-25 08:48:07","url":"-"}
{"error":{"fatal":true},"level":"error","message":"Lỗi khi lấy dữ liệu từ bảng performances:","timestamp":"2025-04-25 08:48:07"}
{"level":"info","message":"HTTP Request","method":"::1","responseTime":"[25/Apr/2025:01:48:07ms","status":null,"timestamp":"2025-04-25 08:48:07","url":"-"}
{"error":{"fatal":true},"level":"error","message":"Lỗi khi lấy dữ liệu từ bảng permissions:","timestamp":"2025-04-25 08:48:07"}
{"level":"info","message":"HTTP Request","method":"::1","responseTime":"[25/Apr/2025:01:48:07ms","status":null,"timestamp":"2025-04-25 08:48:07","url":"-"}
{"error":{"fatal":true},"level":"error","message":"Lỗi khi lấy dữ liệu từ bảng positions:","timestamp":"2025-04-25 08:48:07"}
{"level":"info","message":"HTTP Request","method":"::1","responseTime":"[25/Apr/2025:01:48:07ms","status":null,"timestamp":"2025-04-25 08:48:07","url":"-"}
{"error":{"fatal":true},"level":"error","message":"Lỗi khi lấy dữ liệu từ bảng rate_limits:","timestamp":"2025-04-25 08:48:07"}
{"level":"info","message":"HTTP Request","method":"::1","responseTime":"[25/Apr/2025:01:48:07ms","status":null,"timestamp":"2025-04-25 08:48:07","url":"-"}
{"error":{"fatal":true},"level":"error","message":"Lỗi khi lấy dữ liệu từ bảng role_permissions:","timestamp":"2025-04-25 08:48:07"}
{"level":"info","message":"HTTP Request","method":"::1","responseTime":"[25/Apr/2025:01:48:07ms","status":null,"timestamp":"2025-04-25 08:48:07","url":"-"}
{"error":{"fatal":true},"level":"error","message":"Lỗi khi lấy dữ liệu từ bảng roles:","timestamp":"2025-04-25 08:48:07"}
{"level":"info","message":"HTTP Request","method":"::1","responseTime":"[25/Apr/2025:01:48:08ms","status":null,"timestamp":"2025-04-25 08:48:08","url":"-"}
{"error":{"fatal":true},"level":"error","message":"Lỗi khi lấy dữ liệu từ bảng salary_history:","timestamp":"2025-04-25 08:48:08"}
{"level":"info","message":"HTTP Request","method":"::1","responseTime":"[25/Apr/2025:01:48:08ms","status":null,"timestamp":"2025-04-25 08:48:08","url":"-"}
{"error":{"fatal":true},"level":"error","message":"Lỗi khi lấy dữ liệu từ bảng sessions:","timestamp":"2025-04-25 08:48:08"}
{"level":"info","message":"HTTP Request","method":"::1","responseTime":"[25/Apr/2025:01:48:08ms","status":null,"timestamp":"2025-04-25 08:48:08","url":"-"}
{"error":{"fatal":true},"level":"error","message":"Lỗi khi lấy dữ liệu từ bảng tasks:","timestamp":"2025-04-25 08:48:08"}
{"level":"info","message":"HTTP Request","method":"::1","responseTime":"[25/Apr/2025:01:48:08ms","status":null,"timestamp":"2025-04-25 08:48:08","url":"-"}
{"error":{"fatal":true},"level":"error","message":"Lỗi khi lấy dữ liệu từ bảng trainings:","timestamp":"2025-04-25 08:48:08"}
{"level":"info","message":"HTTP Request","method":"::1","responseTime":"[25/Apr/2025:01:48:08ms","status":null,"timestamp":"2025-04-25 08:48:08","url":"-"}
{"error":{"fatal":true},"level":"error","message":"Lỗi khi lấy dữ liệu từ bảng user_profiles:","timestamp":"2025-04-25 08:48:08"}
{"level":"info","message":"HTTP Request","method":"::1","responseTime":"[25/Apr/2025:01:48:08ms","status":null,"timestamp":"2025-04-25 08:48:08","url":"-"}
{"error":{"fatal":true},"level":"error","message":"Lỗi khi lấy dữ liệu từ bảng users:","timestamp":"2025-04-25 08:48:08"}
{"level":"info","message":"HTTP Request","method":"::1","responseTime":"[25/Apr/2025:01:48:08ms","status":null,"timestamp":"2025-04-25 08:48:08","url":"-"}
{"error":{"fatal":true},"level":"error","message":"Lỗi khi lấy dữ liệu từ bảng work_schedules:","timestamp":"2025-04-25 08:48:08"}
{"level":"info","message":"HTTP Request","method":"::1","responseTime":"[25/Apr/2025:01:48:08ms","status":null,"timestamp":"2025-04-25 08:48:08","url":"-"}
{"error":{"fatal":true},"level":"error","message":"Lỗi khi lấy dữ liệu từ bảng activities:","timestamp":"2025-04-25 08:48:08"}
{"level":"info","message":"HTTP Request","method":"::1","responseTime":"[25/Apr/2025:01:48:08ms","status":null,"timestamp":"2025-04-25 08:48:08","url":"-"}
{"error":{"fatal":true},"level":"error","message":"Lỗi khi lấy dữ liệu từ bảng audit_logs:","timestamp":"2025-04-25 08:48:08"}
{"level":"info","message":"HTTP Request","method":"::1","responseTime":"[25/Apr/2025:01:48:08ms","status":null,"timestamp":"2025-04-25 08:48:08","url":"-"}
{"error":{"fatal":true},"level":"error","message":"Lỗi khi lấy dữ liệu từ bảng bonuses:","timestamp":"2025-04-25 08:48:08"}
{"level":"info","message":"HTTP Request","method":"::1","responseTime":"[25/Apr/2025:01:48:08ms","status":null,"timestamp":"2025-04-25 08:48:08","url":"-"}
{"error":{"fatal":true},"level":"error","message":"Lỗi khi lấy dữ liệu từ bảng degrees:","timestamp":"2025-04-25 08:48:08"}
{"level":"info","message":"HTTP Request","method":"::1","responseTime":"[25/Apr/2025:01:48:08ms","status":null,"timestamp":"2025-04-25 08:48:08","url":"-"}
{"error":{"fatal":true},"level":"error","message":"Lỗi khi lấy dữ liệu từ bảng departments:","timestamp":"2025-04-25 08:48:08"}
{"level":"info","message":"HTTP Request","method":"::1","responseTime":"[25/Apr/2025:01:48:08ms","status":null,"timestamp":"2025-04-25 08:48:08","url":"-"}
{"error":{"fatal":true},"level":"error","message":"Lỗi khi lấy dữ liệu từ bảng documents:","timestamp":"2025-04-25 08:48:08"}
{"level":"info","message":"HTTP Request","method":"::1","responseTime":"[25/Apr/2025:01:48:08ms","status":null,"timestamp":"2025-04-25 08:48:08","url":"-"}
{"error":{"fatal":true},"level":"error","message":"Lỗi khi lấy dữ liệu từ bảng email_verification_tokens:","timestamp":"2025-04-25 08:48:08"}
{"level":"info","message":"HTTP Request","method":"::1","responseTime":"[25/Apr/2025:01:48:08ms","status":null,"timestamp":"2025-04-25 08:48:08","url":"-"}
{"error":{"fatal":true},"level":"error","message":"Lỗi khi lấy dữ liệu từ bảng employee_positions:","timestamp":"2025-04-25 08:48:08"}
{"level":"info","message":"HTTP Request","method":"::1","responseTime":"[25/Apr/2025:01:48:08ms","status":null,"timestamp":"2025-04-25 08:48:08","url":"-"}
{"error":{"fatal":true},"level":"error","message":"Lỗi khi lấy dữ liệu từ bảng employee_trainings:","timestamp":"2025-04-25 08:48:08"}
{"level":"info","message":"HTTP Request","method":"::1","responseTime":"[25/Apr/2025:01:48:08ms","status":null,"timestamp":"2025-04-25 08:48:08","url":"-"}
{"error":{"fatal":true},"level":"error","message":"Lỗi khi lấy dữ liệu từ bảng employees:","timestamp":"2025-04-25 08:48:08"}
{"level":"info","message":"HTTP Request","method":"::1","responseTime":"[25/Apr/2025:01:48:08ms","status":null,"timestamp":"2025-04-25 08:48:08","url":"-"}
{"error":{"fatal":true},"level":"error","message":"Lỗi khi lấy dữ liệu từ bảng equipment_assignments:","timestamp":"2025-04-25 08:48:08"}
{"level":"info","message":"HTTP Request","method":"::1","responseTime":"[25/Apr/2025:01:48:08ms","status":null,"timestamp":"2025-04-25 08:48:08","url":"-"}
{"error":{"fatal":true},"level":"error","message":"Lỗi khi lấy dữ liệu từ bảng family_members:","timestamp":"2025-04-25 08:48:08"}
{"level":"info","message":"HTTP Request","method":"::1","responseTime":"[25/Apr/2025:01:48:08ms","status":null,"timestamp":"2025-04-25 08:48:08","url":"-"}
{"error":{"fatal":true},"level":"error","message":"Lỗi khi lấy dữ liệu từ bảng holidays:","timestamp":"2025-04-25 08:48:08"}
{"level":"info","message":"HTTP Request","method":"::1","responseTime":"[25/Apr/2025:01:48:08ms","status":null,"timestamp":"2025-04-25 08:48:08","url":"-"}
{"error":{"fatal":true},"level":"error","message":"Lỗi khi lấy dữ liệu từ bảng leaves:","timestamp":"2025-04-25 08:48:08"}
{"level":"info","message":"HTTP Request","method":"::1","responseTime":"[25/Apr/2025:01:48:08ms","status":null,"timestamp":"2025-04-25 08:48:08","url":"-"}
{"error":{"fatal":true},"level":"error","message":"Lỗi khi lấy dữ liệu từ bảng login_attempts:","timestamp":"2025-04-25 08:48:08"}
{"level":"info","message":"HTTP Request","method":"::1","responseTime":"[25/Apr/2025:01:48:08ms","status":null,"timestamp":"2025-04-25 08:48:08","url":"-"}
{"error":{"fatal":true},"level":"error","message":"Lỗi khi lấy dữ liệu từ bảng notifications:","timestamp":"2025-04-25 08:48:08"}
{"level":"info","message":"HTTP Request","method":"::1","responseTime":"[25/Apr/2025:01:48:08ms","status":null,"timestamp":"2025-04-25 08:48:08","url":"-"}
{"error":{"fatal":true},"level":"error","message":"Lỗi khi lấy dữ liệu từ bảng password_reset_tokens:","timestamp":"2025-04-25 08:48:08"}
{"level":"info","message":"HTTP Request","method":"::1","responseTime":"[25/Apr/2025:01:48:08ms","status":null,"timestamp":"2025-04-25 08:48:08","url":"-"}
{"error":{"fatal":true},"level":"error","message":"Lỗi khi lấy dữ liệu từ bảng payroll:","timestamp":"2025-04-25 08:48:08"}
{"level":"info","message":"HTTP Request","method":"::1","responseTime":"[25/Apr/2025:01:48:08ms","status":null,"timestamp":"2025-04-25 08:48:08","url":"-"}
{"error":{"fatal":true},"level":"error","message":"Lỗi khi lấy dữ liệu từ bảng payrolls:","timestamp":"2025-04-25 08:48:08"}
{"level":"info","message":"HTTP Request","method":"::1","responseTime":"[25/Apr/2025:01:48:08ms","status":null,"timestamp":"2025-04-25 08:48:08","url":"-"}
{"error":{"fatal":true},"level":"error","message":"Lỗi khi lấy dữ liệu từ bảng performances:","timestamp":"2025-04-25 08:48:08"}
{"level":"info","message":"HTTP Request","method":"::1","responseTime":"[25/Apr/2025:01:48:08ms","status":null,"timestamp":"2025-04-25 08:48:08","url":"-"}
{"error":{"fatal":true},"level":"error","message":"Lỗi khi lấy dữ liệu từ bảng permissions:","timestamp":"2025-04-25 08:48:08"}
{"level":"info","message":"HTTP Request","method":"::1","responseTime":"[25/Apr/2025:01:48:08ms","status":null,"timestamp":"2025-04-25 08:48:08","url":"-"}
{"error":{"fatal":true},"level":"error","message":"Lỗi khi lấy dữ liệu từ bảng positions:","timestamp":"2025-04-25 08:48:08"}
{"level":"info","message":"HTTP Request","method":"::1","responseTime":"[25/Apr/2025:01:48:08ms","status":null,"timestamp":"2025-04-25 08:48:08","url":"-"}
{"error":{"fatal":true},"level":"error","message":"Lỗi khi lấy dữ liệu từ bảng rate_limits:","timestamp":"2025-04-25 08:48:08"}
{"level":"info","message":"HTTP Request","method":"::1","responseTime":"[25/Apr/2025:01:48:08ms","status":null,"timestamp":"2025-04-25 08:48:08","url":"-"}
{"error":{"fatal":true},"level":"error","message":"Lỗi khi lấy dữ liệu từ bảng role_permissions:","timestamp":"2025-04-25 08:48:08"}
{"level":"info","message":"HTTP Request","method":"::1","responseTime":"[25/Apr/2025:01:48:09ms","status":null,"timestamp":"2025-04-25 08:48:09","url":"-"}
{"error":{"fatal":true},"level":"error","message":"Lỗi khi lấy dữ liệu từ bảng roles:","timestamp":"2025-04-25 08:48:09"}
{"level":"info","message":"HTTP Request","method":"::1","responseTime":"[25/Apr/2025:01:48:09ms","status":null,"timestamp":"2025-04-25 08:48:09","url":"-"}
{"error":{"fatal":true},"level":"error","message":"Lỗi khi lấy dữ liệu từ bảng salary_history:","timestamp":"2025-04-25 08:48:09"}
{"level":"info","message":"HTTP Request","method":"::1","responseTime":"[25/Apr/2025:01:48:09ms","status":null,"timestamp":"2025-04-25 08:48:09","url":"-"}
{"error":{"fatal":true},"level":"error","message":"Lỗi khi lấy dữ liệu từ bảng sessions:","timestamp":"2025-04-25 08:48:09"}
{"level":"info","message":"HTTP Request","method":"::1","responseTime":"[25/Apr/2025:01:48:09ms","status":null,"timestamp":"2025-04-25 08:48:09","url":"-"}
{"error":{"fatal":true},"level":"error","message":"Lỗi khi lấy dữ liệu từ bảng tasks:","timestamp":"2025-04-25 08:48:09"}
{"level":"info","message":"HTTP Request","method":"::1","responseTime":"[25/Apr/2025:01:48:09ms","status":null,"timestamp":"2025-04-25 08:48:09","url":"-"}
{"error":{"fatal":true},"level":"error","message":"Lỗi khi lấy dữ liệu từ bảng trainings:","timestamp":"2025-04-25 08:48:09"}
{"level":"info","message":"HTTP Request","method":"::1","responseTime":"[25/Apr/2025:01:48:09ms","status":null,"timestamp":"2025-04-25 08:48:09","url":"-"}
{"error":{"fatal":true},"level":"error","message":"Lỗi khi lấy dữ liệu từ bảng user_profiles:","timestamp":"2025-04-25 08:48:09"}
{"level":"info","message":"HTTP Request","method":"::1","responseTime":"[25/Apr/2025:01:48:09ms","status":null,"timestamp":"2025-04-25 08:48:09","url":"-"}
{"error":{"fatal":true},"level":"error","message":"Lỗi khi lấy dữ liệu từ bảng users:","timestamp":"2025-04-25 08:48:09"}
{"level":"info","message":"HTTP Request","method":"::1","responseTime":"[25/Apr/2025:01:48:09ms","status":null,"timestamp":"2025-04-25 08:48:09","url":"-"}
{"error":{"fatal":true},"level":"error","message":"Lỗi khi lấy dữ liệu từ bảng work_schedules:","timestamp":"2025-04-25 08:48:09"}
{"level":"info","message":"HTTP Request","method":"::1","responseTime":"[25/Apr/2025:01:48:09ms","status":null,"timestamp":"2025-04-25 08:48:09","url":"-"}
